[0.396s] Invoking command in '/home/jim/tactile_ws/src/tactile_sensor_ros2': PYTHONPATH=/home/jim/tactile_ws/build/tactile_sensor_ros2/prefix_override:/usr/lib/python3/dist-packages/colcon_core/task/python/colcon_distutils_commands:/home/jim/tactile_ws/install/tactile_sensor_ros2/lib/python3.10/site-packages:${PYTHONPATH} /usr/bin/python3 -W ignore:setup.py install is deprecated -W ignore:easy_install command is deprecated setup.py egg_info --egg-base ../../build/tactile_sensor_ros2 build --build-base /home/jim/tactile_ws/build/tactile_sensor_ros2/build install --record /home/jim/tactile_ws/build/tactile_sensor_ros2/install.log --single-version-externally-managed install_data
[0.540s] running egg_info
[0.540s] creating ../../build/tactile_sensor_ros2/tactile_sensor_ros2.egg-info
[0.540s] writing ../../build/tactile_sensor_ros2/tactile_sensor_ros2.egg-info/PKG-INFO
[0.540s] writing dependency_links to ../../build/tactile_sensor_ros2/tactile_sensor_ros2.egg-info/dependency_links.txt
[0.540s] writing entry points to ../../build/tactile_sensor_ros2/tactile_sensor_ros2.egg-info/entry_points.txt
[0.541s] writing requirements to ../../build/tactile_sensor_ros2/tactile_sensor_ros2.egg-info/requires.txt
[0.541s] writing top-level names to ../../build/tactile_sensor_ros2/tactile_sensor_ros2.egg-info/top_level.txt
[0.541s] writing manifest file '../../build/tactile_sensor_ros2/tactile_sensor_ros2.egg-info/SOURCES.txt'
[0.542s] reading manifest file '../../build/tactile_sensor_ros2/tactile_sensor_ros2.egg-info/SOURCES.txt'
[0.542s] writing manifest file '../../build/tactile_sensor_ros2/tactile_sensor_ros2.egg-info/SOURCES.txt'
[0.543s] running build
[0.543s] running build_py
[0.543s] creating /home/jim/tactile_ws/build/tactile_sensor_ros2/build
[0.543s] creating /home/jim/tactile_ws/build/tactile_sensor_ros2/build/lib
[0.543s] creating /home/jim/tactile_ws/build/tactile_sensor_ros2/build/lib/tactile_sensor_ros2
[0.543s] copying tactile_sensor_ros2/cap_read_node.py -> /home/jim/tactile_ws/build/tactile_sensor_ros2/build/lib/tactile_sensor_ros2
[0.543s] copying tactile_sensor_ros2/sensorPara.py -> /home/jim/tactile_ws/build/tactile_sensor_ros2/build/lib/tactile_sensor_ros2
[0.543s] copying tactile_sensor_ros2/class_finger.py -> /home/jim/tactile_ws/build/tactile_sensor_ros2/build/lib/tactile_sensor_ros2
[0.543s] copying tactile_sensor_ros2/__init__.py -> /home/jim/tactile_ws/build/tactile_sensor_ros2/build/lib/tactile_sensor_ros2
[0.544s] copying tactile_sensor_ros2/class_sensorcmd.py -> /home/jim/tactile_ws/build/tactile_sensor_ros2/build/lib/tactile_sensor_ros2
[0.544s] copying tactile_sensor_ros2/data_subscriber_node.py -> /home/jim/tactile_ws/build/tactile_sensor_ros2/build/lib/tactile_sensor_ros2
[0.544s] copying tactile_sensor_ros2/finger_log_setting.py -> /home/jim/tactile_ws/build/tactile_sensor_ros2/build/lib/tactile_sensor_ros2
[0.544s] copying tactile_sensor_ros2/class_ch341.py -> /home/jim/tactile_ws/build/tactile_sensor_ros2/build/lib/tactile_sensor_ros2
[0.544s] running install
[0.544s] running install_lib
[0.544s] creating /home/jim/tactile_ws/install/tactile_sensor_ros2/lib/python3.10/site-packages/tactile_sensor_ros2
[0.544s] copying /home/jim/tactile_ws/build/tactile_sensor_ros2/build/lib/tactile_sensor_ros2/cap_read_node.py -> /home/jim/tactile_ws/install/tactile_sensor_ros2/lib/python3.10/site-packages/tactile_sensor_ros2
[0.544s] copying /home/jim/tactile_ws/build/tactile_sensor_ros2/build/lib/tactile_sensor_ros2/sensorPara.py -> /home/jim/tactile_ws/install/tactile_sensor_ros2/lib/python3.10/site-packages/tactile_sensor_ros2
[0.545s] copying /home/jim/tactile_ws/build/tactile_sensor_ros2/build/lib/tactile_sensor_ros2/class_finger.py -> /home/jim/tactile_ws/install/tactile_sensor_ros2/lib/python3.10/site-packages/tactile_sensor_ros2
[0.545s] copying /home/jim/tactile_ws/build/tactile_sensor_ros2/build/lib/tactile_sensor_ros2/__init__.py -> /home/jim/tactile_ws/install/tactile_sensor_ros2/lib/python3.10/site-packages/tactile_sensor_ros2
[0.545s] copying /home/jim/tactile_ws/build/tactile_sensor_ros2/build/lib/tactile_sensor_ros2/class_sensorcmd.py -> /home/jim/tactile_ws/install/tactile_sensor_ros2/lib/python3.10/site-packages/tactile_sensor_ros2
[0.545s] copying /home/jim/tactile_ws/build/tactile_sensor_ros2/build/lib/tactile_sensor_ros2/data_subscriber_node.py -> /home/jim/tactile_ws/install/tactile_sensor_ros2/lib/python3.10/site-packages/tactile_sensor_ros2
[0.545s] copying /home/jim/tactile_ws/build/tactile_sensor_ros2/build/lib/tactile_sensor_ros2/finger_log_setting.py -> /home/jim/tactile_ws/install/tactile_sensor_ros2/lib/python3.10/site-packages/tactile_sensor_ros2
[0.545s] copying /home/jim/tactile_ws/build/tactile_sensor_ros2/build/lib/tactile_sensor_ros2/class_ch341.py -> /home/jim/tactile_ws/install/tactile_sensor_ros2/lib/python3.10/site-packages/tactile_sensor_ros2
[0.545s] byte-compiling /home/jim/tactile_ws/install/tactile_sensor_ros2/lib/python3.10/site-packages/tactile_sensor_ros2/cap_read_node.py to cap_read_node.cpython-310.pyc
[0.545s] byte-compiling /home/jim/tactile_ws/install/tactile_sensor_ros2/lib/python3.10/site-packages/tactile_sensor_ros2/sensorPara.py to sensorPara.cpython-310.pyc
[0.546s] byte-compiling /home/jim/tactile_ws/install/tactile_sensor_ros2/lib/python3.10/site-packages/tactile_sensor_ros2/class_finger.py to class_finger.cpython-310.pyc
[0.547s] byte-compiling /home/jim/tactile_ws/install/tactile_sensor_ros2/lib/python3.10/site-packages/tactile_sensor_ros2/__init__.py to __init__.cpython-310.pyc
[0.547s] byte-compiling /home/jim/tactile_ws/install/tactile_sensor_ros2/lib/python3.10/site-packages/tactile_sensor_ros2/class_sensorcmd.py to class_sensorcmd.cpython-310.pyc
[0.548s] byte-compiling /home/jim/tactile_ws/install/tactile_sensor_ros2/lib/python3.10/site-packages/tactile_sensor_ros2/data_subscriber_node.py to data_subscriber_node.cpython-310.pyc
[0.548s] byte-compiling /home/jim/tactile_ws/install/tactile_sensor_ros2/lib/python3.10/site-packages/tactile_sensor_ros2/finger_log_setting.py to finger_log_setting.cpython-310.pyc
[0.548s] byte-compiling /home/jim/tactile_ws/install/tactile_sensor_ros2/lib/python3.10/site-packages/tactile_sensor_ros2/class_ch341.py to class_ch341.cpython-310.pyc
[0.549s] running install_data
[0.550s] creating /home/jim/tactile_ws/install/tactile_sensor_ros2/share/ament_index
[0.550s] creating /home/jim/tactile_ws/install/tactile_sensor_ros2/share/ament_index/resource_index
[0.550s] creating /home/jim/tactile_ws/install/tactile_sensor_ros2/share/ament_index/resource_index/packages
[0.550s] copying resource/tactile_sensor_ros2 -> /home/jim/tactile_ws/install/tactile_sensor_ros2/share/ament_index/resource_index/packages
[0.550s] copying package.xml -> /home/jim/tactile_ws/install/tactile_sensor_ros2/share/tactile_sensor_ros2
[0.550s] creating /home/jim/tactile_ws/install/tactile_sensor_ros2/share/tactile_sensor_ros2/launch
[0.550s] copying launch/tactile_sensor_launch.py -> /home/jim/tactile_ws/install/tactile_sensor_ros2/share/tactile_sensor_ros2/launch
[0.550s] creating /home/jim/tactile_ws/install/tactile_sensor_ros2/share/tactile_sensor_ros2/config
[0.550s] copying config/params.yaml -> /home/jim/tactile_ws/install/tactile_sensor_ros2/share/tactile_sensor_ros2/config
[0.550s] running install_egg_info
[0.551s] Copying ../../build/tactile_sensor_ros2/tactile_sensor_ros2.egg-info to /home/jim/tactile_ws/install/tactile_sensor_ros2/lib/python3.10/site-packages/tactile_sensor_ros2-1.0.0-py3.10.egg-info
[0.552s] running install_scripts
[0.564s] Installing cap_read_node script to /home/jim/tactile_ws/install/tactile_sensor_ros2/lib/tactile_sensor_ros2
[0.564s] Installing data_subscriber script to /home/jim/tactile_ws/install/tactile_sensor_ros2/lib/tactile_sensor_ros2
[0.565s] writing list of installed files to '/home/jim/tactile_ws/build/tactile_sensor_ros2/install.log'
[0.579s] Invoked command in '/home/jim/tactile_ws/src/tactile_sensor_ros2' returned '0': PYTHONPATH=/home/jim/tactile_ws/build/tactile_sensor_ros2/prefix_override:/usr/lib/python3/dist-packages/colcon_core/task/python/colcon_distutils_commands:/home/jim/tactile_ws/install/tactile_sensor_ros2/lib/python3.10/site-packages:${PYTHONPATH} /usr/bin/python3 -W ignore:setup.py install is deprecated -W ignore:easy_install command is deprecated setup.py egg_info --egg-base ../../build/tactile_sensor_ros2 build --build-base /home/jim/tactile_ws/build/tactile_sensor_ros2/build install --record /home/jim/tactile_ws/build/tactile_sensor_ros2/install.log --single-version-externally-managed install_data
