/home/jim/tactile_ws/install/tactile_sensor_ros2/lib/python3.10/site-packages/tactile_sensor_ros2/cap_read_node.py
/home/jim/tactile_ws/install/tactile_sensor_ros2/lib/python3.10/site-packages/tactile_sensor_ros2/sensorPara.py
/home/jim/tactile_ws/install/tactile_sensor_ros2/lib/python3.10/site-packages/tactile_sensor_ros2/class_finger.py
/home/jim/tactile_ws/install/tactile_sensor_ros2/lib/python3.10/site-packages/tactile_sensor_ros2/__init__.py
/home/jim/tactile_ws/install/tactile_sensor_ros2/lib/python3.10/site-packages/tactile_sensor_ros2/class_sensorcmd.py
/home/jim/tactile_ws/install/tactile_sensor_ros2/lib/python3.10/site-packages/tactile_sensor_ros2/data_subscriber_node.py
/home/jim/tactile_ws/install/tactile_sensor_ros2/lib/python3.10/site-packages/tactile_sensor_ros2/finger_log_setting.py
/home/jim/tactile_ws/install/tactile_sensor_ros2/lib/python3.10/site-packages/tactile_sensor_ros2/class_ch341.py
/home/jim/tactile_ws/install/tactile_sensor_ros2/lib/python3.10/site-packages/tactile_sensor_ros2/__pycache__/cap_read_node.cpython-310.pyc
/home/jim/tactile_ws/install/tactile_sensor_ros2/lib/python3.10/site-packages/tactile_sensor_ros2/__pycache__/sensorPara.cpython-310.pyc
/home/jim/tactile_ws/install/tactile_sensor_ros2/lib/python3.10/site-packages/tactile_sensor_ros2/__pycache__/class_finger.cpython-310.pyc
/home/jim/tactile_ws/install/tactile_sensor_ros2/lib/python3.10/site-packages/tactile_sensor_ros2/__pycache__/__init__.cpython-310.pyc
/home/jim/tactile_ws/install/tactile_sensor_ros2/lib/python3.10/site-packages/tactile_sensor_ros2/__pycache__/class_sensorcmd.cpython-310.pyc
/home/jim/tactile_ws/install/tactile_sensor_ros2/lib/python3.10/site-packages/tactile_sensor_ros2/__pycache__/data_subscriber_node.cpython-310.pyc
/home/jim/tactile_ws/install/tactile_sensor_ros2/lib/python3.10/site-packages/tactile_sensor_ros2/__pycache__/finger_log_setting.cpython-310.pyc
/home/jim/tactile_ws/install/tactile_sensor_ros2/lib/python3.10/site-packages/tactile_sensor_ros2/__pycache__/class_ch341.cpython-310.pyc
/home/jim/tactile_ws/install/tactile_sensor_ros2/share/ament_index/resource_index/packages/tactile_sensor_ros2
/home/jim/tactile_ws/install/tactile_sensor_ros2/share/tactile_sensor_ros2/package.xml
/home/jim/tactile_ws/install/tactile_sensor_ros2/share/tactile_sensor_ros2/launch/tactile_sensor_launch.py
/home/jim/tactile_ws/install/tactile_sensor_ros2/share/tactile_sensor_ros2/config/params.yaml
/home/jim/tactile_ws/install/tactile_sensor_ros2/lib/python3.10/site-packages/tactile_sensor_ros2-1.0.0-py3.10.egg-info/dependency_links.txt
/home/jim/tactile_ws/install/tactile_sensor_ros2/lib/python3.10/site-packages/tactile_sensor_ros2-1.0.0-py3.10.egg-info/PKG-INFO
/home/jim/tactile_ws/install/tactile_sensor_ros2/lib/python3.10/site-packages/tactile_sensor_ros2-1.0.0-py3.10.egg-info/SOURCES.txt
/home/jim/tactile_ws/install/tactile_sensor_ros2/lib/python3.10/site-packages/tactile_sensor_ros2-1.0.0-py3.10.egg-info/zip-safe
/home/jim/tactile_ws/install/tactile_sensor_ros2/lib/python3.10/site-packages/tactile_sensor_ros2-1.0.0-py3.10.egg-info/top_level.txt
/home/jim/tactile_ws/install/tactile_sensor_ros2/lib/python3.10/site-packages/tactile_sensor_ros2-1.0.0-py3.10.egg-info/requires.txt
/home/jim/tactile_ws/install/tactile_sensor_ros2/lib/python3.10/site-packages/tactile_sensor_ros2-1.0.0-py3.10.egg-info/entry_points.txt
/home/jim/tactile_ws/install/tactile_sensor_ros2/lib/tactile_sensor_ros2/cap_read_node
/home/jim/tactile_ws/install/tactile_sensor_ros2/lib/tactile_sensor_ros2/data_subscriber
