[0.066s] DEBUG:colcon:Command line arguments: ['/usr/bin/colcon', 'build', '--packages-select', 'tactile_sensor_ros2']
[0.066s] DEBUG:colcon:Parsed command line arguments: Namespace(log_base=None, log_level=None, verb_name='build', build_base='build', install_base='install', merge_install=False, symlink_install=False, test_result_base=None, continue_on_error=False, executor='parallel', parallel_workers=16, event_handlers=None, ignore_user_meta=False, metas=['./colcon.meta'], base_paths=['.'], packages_ignore=None, packages_ignore_regex=None, paths=None, packages_up_to=None, packages_up_to_regex=None, packages_above=None, packages_above_and_dependencies=None, packages_above_depth=None, packages_select_by_dep=None, packages_skip_by_dep=None, packages_skip_up_to=None, packages_select_build_failed=False, packages_skip_build_finished=False, packages_select_test_failures=False, packages_skip_test_passed=False, packages_select=['tactile_sensor_ros2'], packages_skip=None, packages_select_regex=None, packages_skip_regex=None, packages_start=None, packages_end=None, allow_overriding=[], cmake_args=None, cmake_target=None, cmake_target_skip_unavailable=False, cmake_clean_cache=False, cmake_clean_first=False, cmake_force_configure=False, ament_cmake_args=None, catkin_cmake_args=None, catkin_skip_building_tests=False, verb_parser=<colcon_defaults.argument_parser.defaults.DefaultArgumentsDecorator object at 0x7bced9360e50>, verb_extension=<colcon_core.verb.build.BuildVerb object at 0x7bced9360a00>, main=<bound method BuildVerb.main of <colcon_core.verb.build.BuildVerb object at 0x7bced9360a00>>)
[0.168s] Level 1:colcon.colcon_core.package_discovery:discover_packages(colcon_meta) check parameters
[0.168s] Level 1:colcon.colcon_core.package_discovery:discover_packages(recursive) check parameters
[0.168s] Level 1:colcon.colcon_core.package_discovery:discover_packages(ignore) check parameters
[0.168s] Level 1:colcon.colcon_core.package_discovery:discover_packages(path) check parameters
[0.168s] Level 1:colcon.colcon_core.package_discovery:discover_packages(colcon_meta) discover
[0.168s] Level 1:colcon.colcon_core.package_discovery:discover_packages(recursive) discover
[0.168s] INFO:colcon.colcon_core.package_discovery:Crawling recursively for packages in '/home/jim/tactile_ws'
[0.168s] Level 1:colcon.colcon_core.package_identification:_identify(.) by extensions ['ignore', 'ignore_ament_install']
[0.168s] Level 1:colcon.colcon_core.package_identification:_identify(.) by extension 'ignore'
[0.168s] Level 1:colcon.colcon_core.package_identification:_identify(.) by extension 'ignore_ament_install'
[0.168s] Level 1:colcon.colcon_core.package_identification:_identify(.) by extensions ['colcon_pkg']
[0.168s] Level 1:colcon.colcon_core.package_identification:_identify(.) by extension 'colcon_pkg'
[0.168s] Level 1:colcon.colcon_core.package_identification:_identify(.) by extensions ['colcon_meta']
[0.168s] Level 1:colcon.colcon_core.package_identification:_identify(.) by extension 'colcon_meta'
[0.168s] Level 1:colcon.colcon_core.package_identification:_identify(.) by extensions ['ros']
[0.168s] Level 1:colcon.colcon_core.package_identification:_identify(.) by extension 'ros'
[0.175s] Level 1:colcon.colcon_core.package_identification:_identify(.) by extensions ['cmake', 'python']
[0.175s] Level 1:colcon.colcon_core.package_identification:_identify(.) by extension 'cmake'
[0.175s] Level 1:colcon.colcon_core.package_identification:_identify(.) by extension 'python'
[0.176s] Level 1:colcon.colcon_core.package_identification:_identify(.) by extensions ['python_setup_py']
[0.176s] Level 1:colcon.colcon_core.package_identification:_identify(.) by extension 'python_setup_py'
[0.176s] Level 1:colcon.colcon_core.package_identification:_identify(build) by extensions ['ignore', 'ignore_ament_install']
[0.176s] Level 1:colcon.colcon_core.package_identification:_identify(build) by extension 'ignore'
[0.176s] Level 1:colcon.colcon_core.package_identification:_identify(build) ignored
[0.176s] Level 1:colcon.colcon_core.package_identification:_identify(install) by extensions ['ignore', 'ignore_ament_install']
[0.176s] Level 1:colcon.colcon_core.package_identification:_identify(install) by extension 'ignore'
[0.176s] Level 1:colcon.colcon_core.package_identification:_identify(install) ignored
[0.176s] Level 1:colcon.colcon_core.package_identification:_identify(log) by extensions ['ignore', 'ignore_ament_install']
[0.176s] Level 1:colcon.colcon_core.package_identification:_identify(log) by extension 'ignore'
[0.176s] Level 1:colcon.colcon_core.package_identification:_identify(log) ignored
[0.176s] Level 1:colcon.colcon_core.package_identification:_identify(logs) by extensions ['ignore', 'ignore_ament_install']
[0.176s] Level 1:colcon.colcon_core.package_identification:_identify(logs) by extension 'ignore'
[0.176s] Level 1:colcon.colcon_core.package_identification:_identify(logs) by extension 'ignore_ament_install'
[0.176s] Level 1:colcon.colcon_core.package_identification:_identify(logs) by extensions ['colcon_pkg']
[0.176s] Level 1:colcon.colcon_core.package_identification:_identify(logs) by extension 'colcon_pkg'
[0.176s] Level 1:colcon.colcon_core.package_identification:_identify(logs) by extensions ['colcon_meta']
[0.176s] Level 1:colcon.colcon_core.package_identification:_identify(logs) by extension 'colcon_meta'
[0.176s] Level 1:colcon.colcon_core.package_identification:_identify(logs) by extensions ['ros']
[0.176s] Level 1:colcon.colcon_core.package_identification:_identify(logs) by extension 'ros'
[0.176s] Level 1:colcon.colcon_core.package_identification:_identify(logs) by extensions ['cmake', 'python']
[0.176s] Level 1:colcon.colcon_core.package_identification:_identify(logs) by extension 'cmake'
[0.176s] Level 1:colcon.colcon_core.package_identification:_identify(logs) by extension 'python'
[0.176s] Level 1:colcon.colcon_core.package_identification:_identify(logs) by extensions ['python_setup_py']
[0.176s] Level 1:colcon.colcon_core.package_identification:_identify(logs) by extension 'python_setup_py'
[0.176s] Level 1:colcon.colcon_core.package_identification:_identify(logs/2025-10-23) by extensions ['ignore', 'ignore_ament_install']
[0.176s] Level 1:colcon.colcon_core.package_identification:_identify(logs/2025-10-23) by extension 'ignore'
[0.176s] Level 1:colcon.colcon_core.package_identification:_identify(logs/2025-10-23) by extension 'ignore_ament_install'
[0.176s] Level 1:colcon.colcon_core.package_identification:_identify(logs/2025-10-23) by extensions ['colcon_pkg']
[0.177s] Level 1:colcon.colcon_core.package_identification:_identify(logs/2025-10-23) by extension 'colcon_pkg'
[0.177s] Level 1:colcon.colcon_core.package_identification:_identify(logs/2025-10-23) by extensions ['colcon_meta']
[0.177s] Level 1:colcon.colcon_core.package_identification:_identify(logs/2025-10-23) by extension 'colcon_meta'
[0.177s] Level 1:colcon.colcon_core.package_identification:_identify(logs/2025-10-23) by extensions ['ros']
[0.177s] Level 1:colcon.colcon_core.package_identification:_identify(logs/2025-10-23) by extension 'ros'
[0.177s] Level 1:colcon.colcon_core.package_identification:_identify(logs/2025-10-23) by extensions ['cmake', 'python']
[0.177s] Level 1:colcon.colcon_core.package_identification:_identify(logs/2025-10-23) by extension 'cmake'
[0.177s] Level 1:colcon.colcon_core.package_identification:_identify(logs/2025-10-23) by extension 'python'
[0.177s] Level 1:colcon.colcon_core.package_identification:_identify(logs/2025-10-23) by extensions ['python_setup_py']
[0.177s] Level 1:colcon.colcon_core.package_identification:_identify(logs/2025-10-23) by extension 'python_setup_py'
[0.177s] Level 1:colcon.colcon_core.package_identification:_identify(logs/2025-10-24) by extensions ['ignore', 'ignore_ament_install']
[0.177s] Level 1:colcon.colcon_core.package_identification:_identify(logs/2025-10-24) by extension 'ignore'
[0.177s] Level 1:colcon.colcon_core.package_identification:_identify(logs/2025-10-24) by extension 'ignore_ament_install'
[0.177s] Level 1:colcon.colcon_core.package_identification:_identify(logs/2025-10-24) by extensions ['colcon_pkg']
[0.177s] Level 1:colcon.colcon_core.package_identification:_identify(logs/2025-10-24) by extension 'colcon_pkg'
[0.177s] Level 1:colcon.colcon_core.package_identification:_identify(logs/2025-10-24) by extensions ['colcon_meta']
[0.177s] Level 1:colcon.colcon_core.package_identification:_identify(logs/2025-10-24) by extension 'colcon_meta'
[0.177s] Level 1:colcon.colcon_core.package_identification:_identify(logs/2025-10-24) by extensions ['ros']
[0.177s] Level 1:colcon.colcon_core.package_identification:_identify(logs/2025-10-24) by extension 'ros'
[0.177s] Level 1:colcon.colcon_core.package_identification:_identify(logs/2025-10-24) by extensions ['cmake', 'python']
[0.177s] Level 1:colcon.colcon_core.package_identification:_identify(logs/2025-10-24) by extension 'cmake'
[0.177s] Level 1:colcon.colcon_core.package_identification:_identify(logs/2025-10-24) by extension 'python'
[0.177s] Level 1:colcon.colcon_core.package_identification:_identify(logs/2025-10-24) by extensions ['python_setup_py']
[0.177s] Level 1:colcon.colcon_core.package_identification:_identify(logs/2025-10-24) by extension 'python_setup_py'
[0.177s] Level 1:colcon.colcon_core.package_identification:_identify(logs/2025-10-28) by extensions ['ignore', 'ignore_ament_install']
[0.177s] Level 1:colcon.colcon_core.package_identification:_identify(logs/2025-10-28) by extension 'ignore'
[0.177s] Level 1:colcon.colcon_core.package_identification:_identify(logs/2025-10-28) by extension 'ignore_ament_install'
[0.177s] Level 1:colcon.colcon_core.package_identification:_identify(logs/2025-10-28) by extensions ['colcon_pkg']
[0.177s] Level 1:colcon.colcon_core.package_identification:_identify(logs/2025-10-28) by extension 'colcon_pkg'
[0.177s] Level 1:colcon.colcon_core.package_identification:_identify(logs/2025-10-28) by extensions ['colcon_meta']
[0.177s] Level 1:colcon.colcon_core.package_identification:_identify(logs/2025-10-28) by extension 'colcon_meta'
[0.177s] Level 1:colcon.colcon_core.package_identification:_identify(logs/2025-10-28) by extensions ['ros']
[0.177s] Level 1:colcon.colcon_core.package_identification:_identify(logs/2025-10-28) by extension 'ros'
[0.177s] Level 1:colcon.colcon_core.package_identification:_identify(logs/2025-10-28) by extensions ['cmake', 'python']
[0.177s] Level 1:colcon.colcon_core.package_identification:_identify(logs/2025-10-28) by extension 'cmake'
[0.177s] Level 1:colcon.colcon_core.package_identification:_identify(logs/2025-10-28) by extension 'python'
[0.177s] Level 1:colcon.colcon_core.package_identification:_identify(logs/2025-10-28) by extensions ['python_setup_py']
[0.177s] Level 1:colcon.colcon_core.package_identification:_identify(logs/2025-10-28) by extension 'python_setup_py'
[0.177s] Level 1:colcon.colcon_core.package_identification:_identify(logs/2025-10-30) by extensions ['ignore', 'ignore_ament_install']
[0.177s] Level 1:colcon.colcon_core.package_identification:_identify(logs/2025-10-30) by extension 'ignore'
[0.177s] Level 1:colcon.colcon_core.package_identification:_identify(logs/2025-10-30) by extension 'ignore_ament_install'
[0.178s] Level 1:colcon.colcon_core.package_identification:_identify(logs/2025-10-30) by extensions ['colcon_pkg']
[0.178s] Level 1:colcon.colcon_core.package_identification:_identify(logs/2025-10-30) by extension 'colcon_pkg'
[0.178s] Level 1:colcon.colcon_core.package_identification:_identify(logs/2025-10-30) by extensions ['colcon_meta']
[0.178s] Level 1:colcon.colcon_core.package_identification:_identify(logs/2025-10-30) by extension 'colcon_meta'
[0.178s] Level 1:colcon.colcon_core.package_identification:_identify(logs/2025-10-30) by extensions ['ros']
[0.178s] Level 1:colcon.colcon_core.package_identification:_identify(logs/2025-10-30) by extension 'ros'
[0.178s] Level 1:colcon.colcon_core.package_identification:_identify(logs/2025-10-30) by extensions ['cmake', 'python']
[0.178s] Level 1:colcon.colcon_core.package_identification:_identify(logs/2025-10-30) by extension 'cmake'
[0.178s] Level 1:colcon.colcon_core.package_identification:_identify(logs/2025-10-30) by extension 'python'
[0.178s] Level 1:colcon.colcon_core.package_identification:_identify(logs/2025-10-30) by extensions ['python_setup_py']
[0.178s] Level 1:colcon.colcon_core.package_identification:_identify(logs/2025-10-30) by extension 'python_setup_py'
[0.178s] Level 1:colcon.colcon_core.package_identification:_identify(src) by extensions ['ignore', 'ignore_ament_install']
[0.178s] Level 1:colcon.colcon_core.package_identification:_identify(src) by extension 'ignore'
[0.178s] Level 1:colcon.colcon_core.package_identification:_identify(src) by extension 'ignore_ament_install'
[0.178s] Level 1:colcon.colcon_core.package_identification:_identify(src) by extensions ['colcon_pkg']
[0.178s] Level 1:colcon.colcon_core.package_identification:_identify(src) by extension 'colcon_pkg'
[0.178s] Level 1:colcon.colcon_core.package_identification:_identify(src) by extensions ['colcon_meta']
[0.178s] Level 1:colcon.colcon_core.package_identification:_identify(src) by extension 'colcon_meta'
[0.178s] Level 1:colcon.colcon_core.package_identification:_identify(src) by extensions ['ros']
[0.178s] Level 1:colcon.colcon_core.package_identification:_identify(src) by extension 'ros'
[0.178s] Level 1:colcon.colcon_core.package_identification:_identify(src) by extensions ['cmake', 'python']
[0.178s] Level 1:colcon.colcon_core.package_identification:_identify(src) by extension 'cmake'
[0.178s] Level 1:colcon.colcon_core.package_identification:_identify(src) by extension 'python'
[0.178s] Level 1:colcon.colcon_core.package_identification:_identify(src) by extensions ['python_setup_py']
[0.178s] Level 1:colcon.colcon_core.package_identification:_identify(src) by extension 'python_setup_py'
[0.178s] Level 1:colcon.colcon_core.package_identification:_identify(src/tactile_sensor_ros2) by extensions ['ignore', 'ignore_ament_install']
[0.178s] Level 1:colcon.colcon_core.package_identification:_identify(src/tactile_sensor_ros2) by extension 'ignore'
[0.178s] Level 1:colcon.colcon_core.package_identification:_identify(src/tactile_sensor_ros2) by extension 'ignore_ament_install'
[0.178s] Level 1:colcon.colcon_core.package_identification:_identify(src/tactile_sensor_ros2) by extensions ['colcon_pkg']
[0.178s] Level 1:colcon.colcon_core.package_identification:_identify(src/tactile_sensor_ros2) by extension 'colcon_pkg'
[0.178s] Level 1:colcon.colcon_core.package_identification:_identify(src/tactile_sensor_ros2) by extensions ['colcon_meta']
[0.178s] Level 1:colcon.colcon_core.package_identification:_identify(src/tactile_sensor_ros2) by extension 'colcon_meta'
[0.178s] Level 1:colcon.colcon_core.package_identification:_identify(src/tactile_sensor_ros2) by extensions ['ros']
[0.178s] Level 1:colcon.colcon_core.package_identification:_identify(src/tactile_sensor_ros2) by extension 'ros'
[0.180s] DEBUG:colcon.colcon_core.package_identification:Package 'src/tactile_sensor_ros2' with type 'ros.ament_python' and name 'tactile_sensor_ros2'
[0.180s] Level 1:colcon.colcon_core.package_discovery:discover_packages(recursive) using defaults
[0.180s] Level 1:colcon.colcon_core.package_discovery:discover_packages(ignore) discover
[0.180s] Level 1:colcon.colcon_core.package_discovery:discover_packages(ignore) using defaults
[0.180s] Level 1:colcon.colcon_core.package_discovery:discover_packages(path) discover
[0.180s] Level 1:colcon.colcon_core.package_discovery:discover_packages(path) using defaults
[0.200s] Level 1:colcon.colcon_core.package_discovery:discover_packages(prefix_path) check parameters
[0.200s] Level 1:colcon.colcon_core.package_discovery:discover_packages(prefix_path) discover
[0.201s] DEBUG:colcon.colcon_installed_package_information.package_discovery:Found 1 installed packages in /home/jim/tactile_ws/install
[0.202s] DEBUG:colcon.colcon_installed_package_information.package_discovery:Found 344 installed packages in /opt/ros/humble
[0.203s] Level 1:colcon.colcon_core.package_discovery:discover_packages(prefix_path) using defaults
[0.228s] Level 5:colcon.colcon_core.verb:set package 'tactile_sensor_ros2' build argument 'cmake_args' from command line to 'None'
[0.228s] Level 5:colcon.colcon_core.verb:set package 'tactile_sensor_ros2' build argument 'cmake_target' from command line to 'None'
[0.228s] Level 5:colcon.colcon_core.verb:set package 'tactile_sensor_ros2' build argument 'cmake_target_skip_unavailable' from command line to 'False'
[0.228s] Level 5:colcon.colcon_core.verb:set package 'tactile_sensor_ros2' build argument 'cmake_clean_cache' from command line to 'False'
[0.228s] Level 5:colcon.colcon_core.verb:set package 'tactile_sensor_ros2' build argument 'cmake_clean_first' from command line to 'False'
[0.229s] Level 5:colcon.colcon_core.verb:set package 'tactile_sensor_ros2' build argument 'cmake_force_configure' from command line to 'False'
[0.229s] Level 5:colcon.colcon_core.verb:set package 'tactile_sensor_ros2' build argument 'ament_cmake_args' from command line to 'None'
[0.229s] Level 5:colcon.colcon_core.verb:set package 'tactile_sensor_ros2' build argument 'catkin_cmake_args' from command line to 'None'
[0.229s] Level 5:colcon.colcon_core.verb:set package 'tactile_sensor_ros2' build argument 'catkin_skip_building_tests' from command line to 'False'
[0.229s] DEBUG:colcon.colcon_core.verb:Building package 'tactile_sensor_ros2' with the following arguments: {'ament_cmake_args': None, 'build_base': '/home/jim/tactile_ws/build/tactile_sensor_ros2', 'catkin_cmake_args': None, 'catkin_skip_building_tests': False, 'cmake_args': None, 'cmake_clean_cache': False, 'cmake_clean_first': False, 'cmake_force_configure': False, 'cmake_target': None, 'cmake_target_skip_unavailable': False, 'install_base': '/home/jim/tactile_ws/install/tactile_sensor_ros2', 'merge_install': False, 'path': '/home/jim/tactile_ws/src/tactile_sensor_ros2', 'symlink_install': False, 'test_result_base': None}
[0.229s] INFO:colcon.colcon_core.executor:Executing jobs using 'parallel' executor
[0.229s] DEBUG:colcon.colcon_parallel_executor.executor.parallel:run_until_complete
[0.230s] INFO:colcon.colcon_ros.task.ament_python.build:Building ROS package in '/home/jim/tactile_ws/src/tactile_sensor_ros2' with build type 'ament_python'
[0.230s] Level 1:colcon.colcon_core.shell:create_environment_hook('tactile_sensor_ros2', 'ament_prefix_path')
[0.231s] INFO:colcon.colcon_core.plugin_system:Skipping extension 'colcon_core.shell.bat': Not used on non-Windows systems
[0.231s] INFO:colcon.colcon_core.shell:Creating environment hook '/home/jim/tactile_ws/install/tactile_sensor_ros2/share/tactile_sensor_ros2/hook/ament_prefix_path.ps1'
[0.232s] INFO:colcon.colcon_core.shell:Creating environment descriptor '/home/jim/tactile_ws/install/tactile_sensor_ros2/share/tactile_sensor_ros2/hook/ament_prefix_path.dsv'
[0.232s] INFO:colcon.colcon_core.shell:Creating environment hook '/home/jim/tactile_ws/install/tactile_sensor_ros2/share/tactile_sensor_ros2/hook/ament_prefix_path.sh'
[0.232s] INFO:colcon.colcon_core.shell:Skip shell extension 'powershell' for command environment: Not usable outside of PowerShell
[0.232s] DEBUG:colcon.colcon_core.shell:Skip shell extension 'dsv' for command environment
[0.401s] INFO:colcon.colcon_core.task.python.build:Building Python package in '/home/jim/tactile_ws/src/tactile_sensor_ros2'
[0.401s] INFO:colcon.colcon_core.shell:Skip shell extension 'powershell' for command environment: Not usable outside of PowerShell
[0.401s] DEBUG:colcon.colcon_core.shell:Skip shell extension 'dsv' for command environment
[0.632s] DEBUG:colcon.colcon_core.event_handler.log_command:Invoking command in '/home/jim/tactile_ws/src/tactile_sensor_ros2': PYTHONPATH=/home/jim/tactile_ws/build/tactile_sensor_ros2/prefix_override:/usr/lib/python3/dist-packages/colcon_core/task/python/colcon_distutils_commands:/home/jim/tactile_ws/install/tactile_sensor_ros2/lib/python3.10/site-packages:${PYTHONPATH} /usr/bin/python3 -W ignore:setup.py install is deprecated -W ignore:easy_install command is deprecated setup.py egg_info --egg-base ../../build/tactile_sensor_ros2 build --build-base /home/jim/tactile_ws/build/tactile_sensor_ros2/build install --record /home/jim/tactile_ws/build/tactile_sensor_ros2/install.log --single-version-externally-managed install_data
[0.816s] DEBUG:colcon.colcon_core.event_handler.log_command:Invoked command in '/home/jim/tactile_ws/src/tactile_sensor_ros2' returned '0': PYTHONPATH=/home/jim/tactile_ws/build/tactile_sensor_ros2/prefix_override:/usr/lib/python3/dist-packages/colcon_core/task/python/colcon_distutils_commands:/home/jim/tactile_ws/install/tactile_sensor_ros2/lib/python3.10/site-packages:${PYTHONPATH} /usr/bin/python3 -W ignore:setup.py install is deprecated -W ignore:easy_install command is deprecated setup.py egg_info --egg-base ../../build/tactile_sensor_ros2 build --build-base /home/jim/tactile_ws/build/tactile_sensor_ros2/build install --record /home/jim/tactile_ws/build/tactile_sensor_ros2/install.log --single-version-externally-managed install_data
[0.818s] Level 1:colcon.colcon_core.environment:checking '/home/jim/tactile_ws/install/tactile_sensor_ros2' for CMake module files
[0.818s] Level 1:colcon.colcon_core.environment:checking '/home/jim/tactile_ws/install/tactile_sensor_ros2' for CMake config files
[0.819s] Level 1:colcon.colcon_core.environment:checking '/home/jim/tactile_ws/install/tactile_sensor_ros2/lib'
[0.819s] Level 1:colcon.colcon_core.environment:checking '/home/jim/tactile_ws/install/tactile_sensor_ros2/bin'
[0.819s] Level 1:colcon.colcon_core.environment:checking '/home/jim/tactile_ws/install/tactile_sensor_ros2/lib/pkgconfig/tactile_sensor_ros2.pc'
[0.819s] Level 1:colcon.colcon_core.environment:checking '/home/jim/tactile_ws/install/tactile_sensor_ros2/lib/python3.10/site-packages'
[0.819s] Level 1:colcon.colcon_core.shell:create_environment_hook('tactile_sensor_ros2', 'pythonpath')
[0.819s] INFO:colcon.colcon_core.shell:Creating environment hook '/home/jim/tactile_ws/install/tactile_sensor_ros2/share/tactile_sensor_ros2/hook/pythonpath.ps1'
[0.819s] INFO:colcon.colcon_core.shell:Creating environment descriptor '/home/jim/tactile_ws/install/tactile_sensor_ros2/share/tactile_sensor_ros2/hook/pythonpath.dsv'
[0.820s] INFO:colcon.colcon_core.shell:Creating environment hook '/home/jim/tactile_ws/install/tactile_sensor_ros2/share/tactile_sensor_ros2/hook/pythonpath.sh'
[0.820s] Level 1:colcon.colcon_core.environment:checking '/home/jim/tactile_ws/install/tactile_sensor_ros2/bin'
[0.820s] Level 1:colcon.colcon_core.environment:create_environment_scripts_only(tactile_sensor_ros2)
[0.820s] INFO:colcon.colcon_core.shell:Creating package script '/home/jim/tactile_ws/install/tactile_sensor_ros2/share/tactile_sensor_ros2/package.ps1'
[0.821s] INFO:colcon.colcon_core.shell:Creating package descriptor '/home/jim/tactile_ws/install/tactile_sensor_ros2/share/tactile_sensor_ros2/package.dsv'
[0.821s] INFO:colcon.colcon_core.shell:Creating package script '/home/jim/tactile_ws/install/tactile_sensor_ros2/share/tactile_sensor_ros2/package.sh'
[0.822s] INFO:colcon.colcon_core.shell:Creating package script '/home/jim/tactile_ws/install/tactile_sensor_ros2/share/tactile_sensor_ros2/package.bash'
[0.822s] INFO:colcon.colcon_core.shell:Creating package script '/home/jim/tactile_ws/install/tactile_sensor_ros2/share/tactile_sensor_ros2/package.zsh'
[0.822s] Level 1:colcon.colcon_core.environment:create_file_with_runtime_dependencies(/home/jim/tactile_ws/install/tactile_sensor_ros2/share/colcon-core/packages/tactile_sensor_ros2)
[0.823s] DEBUG:colcon.colcon_parallel_executor.executor.parallel:closing loop
[0.823s] DEBUG:colcon.colcon_parallel_executor.executor.parallel:loop closed
[0.823s] DEBUG:colcon.colcon_parallel_executor.executor.parallel:run_until_complete finished with '0'
[0.823s] DEBUG:colcon.colcon_core.event_reactor:joining thread
[0.828s] INFO:colcon.colcon_core.plugin_system:Skipping extension 'colcon_notification.desktop_notification.terminal_notifier': Not used on non-Darwin systems
[0.828s] INFO:colcon.colcon_core.plugin_system:Skipping extension 'colcon_notification.desktop_notification.win32': Not used on non-Windows systems
[0.828s] INFO:colcon.colcon_notification.desktop_notification:Sending desktop notification using 'notify2'
[0.837s] DEBUG:colcon.colcon_core.event_reactor:joined thread
[0.838s] INFO:colcon.colcon_core.shell:Creating prefix script '/home/jim/tactile_ws/install/local_setup.ps1'
[0.839s] INFO:colcon.colcon_core.shell:Creating prefix util module '/home/jim/tactile_ws/install/_local_setup_util_ps1.py'
[0.839s] INFO:colcon.colcon_core.shell:Creating prefix chain script '/home/jim/tactile_ws/install/setup.ps1'
[0.840s] INFO:colcon.colcon_core.shell:Creating prefix script '/home/jim/tactile_ws/install/local_setup.sh'
[0.840s] INFO:colcon.colcon_core.shell:Creating prefix util module '/home/jim/tactile_ws/install/_local_setup_util_sh.py'
[0.841s] INFO:colcon.colcon_core.shell:Creating prefix chain script '/home/jim/tactile_ws/install/setup.sh'
[0.841s] INFO:colcon.colcon_core.shell:Creating prefix script '/home/jim/tactile_ws/install/local_setup.bash'
[0.842s] INFO:colcon.colcon_core.shell:Creating prefix chain script '/home/jim/tactile_ws/install/setup.bash'
[0.842s] INFO:colcon.colcon_core.shell:Creating prefix script '/home/jim/tactile_ws/install/local_setup.zsh'
[0.843s] INFO:colcon.colcon_core.shell:Creating prefix chain script '/home/jim/tactile_ws/install/setup.zsh'
