[INFO] [1762150586.459986348] [tactile_sensor_node]: Loaded parameters: max_fingers=5, i2c_speed=2, get_cap_ms=15
[INFO] [1762150586.460352648] [tactile_sensor_node]: Tactile sensor node initialized
[INFO] [1762150586.475775092] [tactile_sensor_node]: 运行在开发环境中。尝试从脚本目录相对路径加载库: /home/jim/tactile_ws/install/tactile_sensor_ros2/lib/python3.10/site-packages/tactile_sensor_ros2/lib/ch341/CH341PAR_LINUX/lib/x64/dynamic/libch347.so
[INFO] [1762150586.476187664] [tactile_sensor_node]: ch341加载成功
[INFO] [1762150586.476364138] [tactile_sensor_node]: CH341 library initialized
[INFO] [1762150586.491899153] [tactile_sensor_node]: CH341 device opened successfully on Linux
[INFO] [1762150586.492425656] [tactile_sensor_node]: CH341 device opened
[INFO] [1762150586.506180167] [tactile_sensor_node]: CH341 I2C speed set to 2
[INFO] [1762150587.529173915] [tactile_sensor_node]: CH341 fully initialized and ready
[INFO] [1762150587.589729227] [tactile_sensor_node]: project=17
[INFO] [1762150587.590650020] [tactile_sensor_node]: finger connected, project = 两指-大包
[INFO] [1762150587.591192043] [tactile_sensor_node]: Sensor[0] connected
[ERROR] [1762150587.615751018] [tactile_sensor_node]: setSensorSendType error, addr = 0
[ERROR] [1762150587.628404503] [tactile_sensor_node]: setSensorCapOffset error, addr = 0
[INFO] [1762150587.641556493] [tactile_sensor_node]: project=0
[ERROR] [1762150587.642383265] [tactile_sensor_node]: not found vailed project, project para use default
[INFO] [1762150587.643052285] [tactile_sensor_node]: Sensor[1] connected
[ERROR] [1762150587.667940461] [tactile_sensor_node]: setSensorSendType error, addr = 0
[ERROR] [1762150587.680550104] [tactile_sensor_node]: setSensorCapOffset error, addr = 0
[INFO] [1762150587.693973413] [tactile_sensor_node]: project=0
[ERROR] [1762150587.695027768] [tactile_sensor_node]: not found vailed project, project para use default
[INFO] [1762150587.695726374] [tactile_sensor_node]: Sensor[2] connected
[ERROR] [1762150587.720719706] [tactile_sensor_node]: setSensorSendType error, addr = 0
[ERROR] [1762150587.733374206] [tactile_sensor_node]: setSensorCapOffset error, addr = 0
[INFO] [1762150587.746499398] [tactile_sensor_node]: project=0
[ERROR] [1762150587.747234370] [tactile_sensor_node]: not found vailed project, project para use default
[INFO] [1762150587.747869213] [tactile_sensor_node]: Sensor[3] connected
[ERROR] [1762150587.772616574] [tactile_sensor_node]: setSensorSendType error, addr = 0
[ERROR] [1762150587.785222636] [tactile_sensor_node]: setSensorCapOffset error, addr = 0
[INFO] [1762150587.798022187] [tactile_sensor_node]: project=0
[ERROR] [1762150587.798579737] [tactile_sensor_node]: not found vailed project, project para use default
[INFO] [1762150587.799075462] [tactile_sensor_node]: Sensor[4] connected
[ERROR] [1762150589.731456460] [tactile_sensor_node]: setSensorSendType error, addr = 0
[ERROR] [1762150589.743815740] [tactile_sensor_node]: setSensorCapOffset error, addr = 0
[INFO] [1762150589.757622994] [tactile_sensor_node]: project=0
[ERROR] [1762150589.759322522] [tactile_sensor_node]: not found vailed project, project para use default
[INFO] [1762150589.760153498] [tactile_sensor_node]: Sensor[1] connected
[ERROR] [1762150589.842602309] [tactile_sensor_node]: setSensorSendType error, addr = 0
[ERROR] [1762150589.855095357] [tactile_sensor_node]: setSensorCapOffset error, addr = 0
[INFO] [1762150589.867789264] [tactile_sensor_node]: project=0
[ERROR] [1762150589.868709213] [tactile_sensor_node]: not found vailed project, project para use default
[INFO] [1762150589.869407356] [tactile_sensor_node]: Sensor[2] connected
[ERROR] [1762150589.894471738] [tactile_sensor_node]: setSensorSendType error, addr = 0
[ERROR] [1762150589.907209108] [tactile_sensor_node]: setSensorCapOffset error, addr = 0
[INFO] [1762150589.919974798] [tactile_sensor_node]: project=0
[ERROR] [1762150589.920651051] [tactile_sensor_node]: not found vailed project, project para use default
[INFO] [1762150589.921319784] [tactile_sensor_node]: Sensor[3] connected
[ERROR] [1762150590.003335205] [tactile_sensor_node]: setSensorSendType error, addr = 0
[ERROR] [1762150590.016439891] [tactile_sensor_node]: setSensorCapOffset error, addr = 0
[INFO] [1762150590.029979794] [tactile_sensor_node]: project=0
[ERROR] [1762150590.031249528] [tactile_sensor_node]: not found vailed project, project para use default
[INFO] [1762150590.032455553] [tactile_sensor_node]: Sensor[4] connected
[ERROR] [1762150591.886414377] [tactile_sensor_node]: setSensorSendType error, addr = 0
[ERROR] [1762150591.898779261] [tactile_sensor_node]: setSensorCapOffset error, addr = 0
[INFO] [1762150591.911721759] [tactile_sensor_node]: project=0
[ERROR] [1762150591.912451359] [tactile_sensor_node]: not found vailed project, project para use default
[INFO] [1762150591.913053776] [tactile_sensor_node]: Sensor[1] connected
[ERROR] [1762150591.995892779] [tactile_sensor_node]: setSensorSendType error, addr = 0
[ERROR] [1762150592.008403712] [tactile_sensor_node]: setSensorCapOffset error, addr = 0
[INFO] [1762150592.021483588] [tactile_sensor_node]: project=0
[ERROR] [1762150592.022282110] [tactile_sensor_node]: not found vailed project, project para use default
[INFO] [1762150592.022869083] [tactile_sensor_node]: Sensor[2] connected
[ERROR] [1762150592.047969497] [tactile_sensor_node]: setSensorSendType error, addr = 0
[ERROR] [1762150592.061118214] [tactile_sensor_node]: setSensorCapOffset error, addr = 0
[INFO] [1762150592.074433553] [tactile_sensor_node]: project=0
[ERROR] [1762150592.075450403] [tactile_sensor_node]: not found vailed project, project para use default
[INFO] [1762150592.076373334] [tactile_sensor_node]: Sensor[3] connected
[ERROR] [1762150592.159298677] [tactile_sensor_node]: setSensorSendType error, addr = 0
[ERROR] [1762150592.172344048] [tactile_sensor_node]: setSensorCapOffset error, addr = 0
[INFO] [1762150592.184861400] [tactile_sensor_node]: project=0
[ERROR] [1762150592.185185320] [tactile_sensor_node]: not found vailed project, project para use default
[INFO] [1762150592.185430415] [tactile_sensor_node]: Sensor[4] connected
[ERROR] [1762150593.985128595] [tactile_sensor_node]: setSensorSendType error, addr = 0
[ERROR] [1762150593.997487291] [tactile_sensor_node]: setSensorCapOffset error, addr = 0
[INFO] [1762150594.010365703] [tactile_sensor_node]: project=0
[ERROR] [1762150594.011061844] [tactile_sensor_node]: not found vailed project, project para use default
[INFO] [1762150594.011595096] [tactile_sensor_node]: Sensor[1] connected
[ERROR] [1762150594.093722236] [tactile_sensor_node]: setSensorSendType error, addr = 0
[ERROR] [1762150594.106620478] [tactile_sensor_node]: setSensorCapOffset error, addr = 0
[INFO] [1762150594.119482112] [tactile_sensor_node]: project=0
[ERROR] [1762150594.120340562] [tactile_sensor_node]: not found vailed project, project para use default
[INFO] [1762150594.121134567] [tactile_sensor_node]: Sensor[2] connected
[ERROR] [1762150594.203765192] [tactile_sensor_node]: setSensorSendType error, addr = 0
[ERROR] [1762150594.216455430] [tactile_sensor_node]: setSensorCapOffset error, addr = 0
[INFO] [1762150594.229233976] [tactile_sensor_node]: project=0
[ERROR] [1762150594.229782372] [tactile_sensor_node]: not found vailed project, project para use default
[INFO] [1762150594.230278449] [tactile_sensor_node]: Sensor[3] connected
[ERROR] [1762150594.312150172] [tactile_sensor_node]: setSensorSendType error, addr = 0
[ERROR] [1762150594.325010093] [tactile_sensor_node]: setSensorCapOffset error, addr = 0
[INFO] [1762150594.337999241] [tactile_sensor_node]: project=0
[ERROR] [1762150594.338903002] [tactile_sensor_node]: not found vailed project, project para use default
[INFO] [1762150594.339601214] [tactile_sensor_node]: Sensor[4] connected
[ERROR] [1762150596.112190306] [tactile_sensor_node]: setSensorSendType error, addr = 0
[ERROR] [1762150596.124193174] [tactile_sensor_node]: setSensorCapOffset error, addr = 0
[INFO] [1762150596.136538861] [tactile_sensor_node]: project=0
[ERROR] [1762150596.136918994] [tactile_sensor_node]: not found vailed project, project para use default
[INFO] [1762150596.137355878] [tactile_sensor_node]: Sensor[1] connected
[ERROR] [1762150596.217361633] [tactile_sensor_node]: setSensorSendType error, addr = 0
[ERROR] [1762150596.229373014] [tactile_sensor_node]: setSensorCapOffset error, addr = 0
[INFO] [1762150596.242036177] [tactile_sensor_node]: project=0
[ERROR] [1762150596.242662328] [tactile_sensor_node]: not found vailed project, project para use default
[INFO] [1762150596.243260099] [tactile_sensor_node]: Sensor[2] connected
[ERROR] [1762150596.325171508] [tactile_sensor_node]: setSensorSendType error, addr = 0
[ERROR] [1762150596.338108421] [tactile_sensor_node]: setSensorCapOffset error, addr = 0
[INFO] [1762150596.351174989] [tactile_sensor_node]: project=0
[ERROR] [1762150596.352105446] [tactile_sensor_node]: not found vailed project, project para use default
[INFO] [1762150596.353179701] [tactile_sensor_node]: Sensor[3] connected
[ERROR] [1762150596.436858927] [tactile_sensor_node]: setSensorSendType error, addr = 0
[ERROR] [1762150596.450005848] [tactile_sensor_node]: setSensorCapOffset error, addr = 0
[INFO] [1762150596.463602376] [tactile_sensor_node]: project=0
[ERROR] [1762150596.464879196] [tactile_sensor_node]: not found vailed project, project para use default
[INFO] [1762150596.466246093] [tactile_sensor_node]: Sensor[4] connected
[ERROR] [1762150598.262202870] [tactile_sensor_node]: setSensorSendType error, addr = 0
[ERROR] [1762150598.274707948] [tactile_sensor_node]: setSensorCapOffset error, addr = 0
[INFO] [1762150598.287399433] [tactile_sensor_node]: project=0
[ERROR] [1762150598.288043606] [tactile_sensor_node]: not found vailed project, project para use default
[INFO] [1762150598.288500068] [tactile_sensor_node]: Sensor[1] connected
[ERROR] [1762150598.372576767] [tactile_sensor_node]: setSensorSendType error, addr = 0
[ERROR] [1762150598.385427976] [tactile_sensor_node]: setSensorCapOffset error, addr = 0
[INFO] [1762150598.398918216] [tactile_sensor_node]: project=0
[ERROR] [1762150598.400074380] [tactile_sensor_node]: not found vailed project, project para use default
[INFO] [1762150598.400810782] [tactile_sensor_node]: Sensor[2] connected
[ERROR] [1762150598.485399732] [tactile_sensor_node]: setSensorSendType error, addr = 0
[ERROR] [1762150598.498628165] [tactile_sensor_node]: setSensorCapOffset error, addr = 0
[INFO] [1762150598.512021474] [tactile_sensor_node]: project=0
[ERROR] [1762150598.512776293] [tactile_sensor_node]: not found vailed project, project para use default
[INFO] [1762150598.513435019] [tactile_sensor_node]: Sensor[3] connected
[ERROR] [1762150598.600545030] [tactile_sensor_node]: setSensorSendType error, addr = 0
[ERROR] [1762150598.613389590] [tactile_sensor_node]: setSensorCapOffset error, addr = 0
[INFO] [1762150598.626487888] [tactile_sensor_node]: project=0
[ERROR] [1762150598.627449713] [tactile_sensor_node]: not found vailed project, project para use default
[INFO] [1762150598.628202587] [tactile_sensor_node]: Sensor[4] connected
[ERROR] [1762150600.401159663] [tactile_sensor_node]: setSensorSendType error, addr = 0
[ERROR] [1762150600.413553977] [tactile_sensor_node]: setSensorCapOffset error, addr = 0
[INFO] [1762150600.426143618] [tactile_sensor_node]: project=0
[ERROR] [1762150600.426768443] [tactile_sensor_node]: not found vailed project, project para use default
[INFO] [1762150600.427281816] [tactile_sensor_node]: Sensor[1] connected
[ERROR] [1762150600.514771678] [tactile_sensor_node]: setSensorSendType error, addr = 0
[ERROR] [1762150600.527273049] [tactile_sensor_node]: setSensorCapOffset error, addr = 0
[INFO] [1762150600.540458253] [tactile_sensor_node]: project=0
[ERROR] [1762150600.541143218] [tactile_sensor_node]: not found vailed project, project para use default
[INFO] [1762150600.541924745] [tactile_sensor_node]: Sensor[2] connected
[ERROR] [1762150600.624609882] [tactile_sensor_node]: setSensorSendType error, addr = 0
[ERROR] [1762150600.637160315] [tactile_sensor_node]: setSensorCapOffset error, addr = 0
[INFO] [1762150600.650154181] [tactile_sensor_node]: project=0
[ERROR] [1762150600.651032755] [tactile_sensor_node]: not found vailed project, project para use default
[INFO] [1762150600.651792779] [tactile_sensor_node]: Sensor[3] connected
[ERROR] [1762150600.733919828] [tactile_sensor_node]: setSensorSendType error, addr = 0
[ERROR] [1762150600.745935512] [tactile_sensor_node]: setSensorCapOffset error, addr = 0
[INFO] [1762150600.758469429] [tactile_sensor_node]: project=0
[ERROR] [1762150600.759024184] [tactile_sensor_node]: not found vailed project, project para use default
[INFO] [1762150600.759495787] [tactile_sensor_node]: Sensor[4] connected
[ERROR] [1762150602.534540471] [tactile_sensor_node]: setSensorSendType error, addr = 0
[ERROR] [1762150602.546979217] [tactile_sensor_node]: setSensorCapOffset error, addr = 0
[INFO] [1762150602.559877609] [tactile_sensor_node]: project=0
[ERROR] [1762150602.560716318] [tactile_sensor_node]: not found vailed project, project para use default
[INFO] [1762150602.561360431] [tactile_sensor_node]: Sensor[1] connected
[ERROR] [1762150602.643904172] [tactile_sensor_node]: setSensorSendType error, addr = 0
[ERROR] [1762150602.656428079] [tactile_sensor_node]: setSensorCapOffset error, addr = 0
[INFO] [1762150602.669471541] [tactile_sensor_node]: project=0
[ERROR] [1762150602.670585940] [tactile_sensor_node]: not found vailed project, project para use default
[INFO] [1762150602.671398393] [tactile_sensor_node]: Sensor[2] connected
[ERROR] [1762150602.753951302] [tactile_sensor_node]: setSensorSendType error, addr = 0
[ERROR] [1762150602.766145743] [tactile_sensor_node]: setSensorCapOffset error, addr = 0
[INFO] [1762150602.778967902] [tactile_sensor_node]: project=0
[ERROR] [1762150602.779627819] [tactile_sensor_node]: not found vailed project, project para use default
[INFO] [1762150602.780405358] [tactile_sensor_node]: Sensor[3] connected
[ERROR] [1762150602.863148890] [tactile_sensor_node]: setSensorSendType error, addr = 0
[ERROR] [1762150602.875981347] [tactile_sensor_node]: setSensorCapOffset error, addr = 0
[INFO] [1762150602.889161506] [tactile_sensor_node]: project=0
[ERROR] [1762150602.890244557] [tactile_sensor_node]: not found vailed project, project para use default
[INFO] [1762150602.891160651] [tactile_sensor_node]: Sensor[4] connected
[ERROR] [1762150604.654973955] [tactile_sensor_node]: setSensorSendType error, addr = 0
[ERROR] [1762150604.667633687] [tactile_sensor_node]: setSensorCapOffset error, addr = 0
[INFO] [1762150604.681089803] [tactile_sensor_node]: project=0
[ERROR] [1762150604.681946685] [tactile_sensor_node]: not found vailed project, project para use default
[INFO] [1762150604.682883852] [tactile_sensor_node]: Sensor[1] connected
[ERROR] [1762150604.765197688] [tactile_sensor_node]: setSensorSendType error, addr = 0
[ERROR] [1762150604.777340366] [tactile_sensor_node]: setSensorCapOffset error, addr = 0
[INFO] [1762150604.789555187] [tactile_sensor_node]: project=0
[ERROR] [1762150604.789772180] [tactile_sensor_node]: not found vailed project, project para use default
[INFO] [1762150604.789963208] [tactile_sensor_node]: Sensor[2] connected
[ERROR] [1762150604.871298864] [tactile_sensor_node]: setSensorSendType error, addr = 0
[ERROR] [1762150604.883765235] [tactile_sensor_node]: setSensorCapOffset error, addr = 0
[INFO] [1762150604.896579488] [tactile_sensor_node]: project=0
[ERROR] [1762150604.897249788] [tactile_sensor_node]: not found vailed project, project para use default
[INFO] [1762150604.897807464] [tactile_sensor_node]: Sensor[3] connected
[ERROR] [1762150604.978118847] [tactile_sensor_node]: setSensorSendType error, addr = 0
[ERROR] [1762150604.990798199] [tactile_sensor_node]: setSensorCapOffset error, addr = 0
[INFO] [1762150605.004494817] [tactile_sensor_node]: project=0
[ERROR] [1762150605.005769061] [tactile_sensor_node]: not found vailed project, project para use default
[INFO] [1762150605.006882019] [tactile_sensor_node]: Sensor[4] connected
[ERROR] [1762150606.809044774] [tactile_sensor_node]: setSensorSendType error, addr = 0
[ERROR] [1762150606.821685728] [tactile_sensor_node]: setSensorCapOffset error, addr = 0
[INFO] [1762150606.835293345] [tactile_sensor_node]: project=0
[ERROR] [1762150606.836848877] [tactile_sensor_node]: not found vailed project, project para use default
[INFO] [1762150606.837681461] [tactile_sensor_node]: Sensor[1] connected
[ERROR] [1762150606.921016719] [tactile_sensor_node]: setSensorSendType error, addr = 0
[ERROR] [1762150606.934207883] [tactile_sensor_node]: setSensorCapOffset error, addr = 0
[INFO] [1762150606.947882009] [tactile_sensor_node]: project=0
[ERROR] [1762150606.948727595] [tactile_sensor_node]: not found vailed project, project para use default
[INFO] [1762150606.949465897] [tactile_sensor_node]: Sensor[2] connected
[ERROR] [1762150607.030937095] [tactile_sensor_node]: setSensorSendType error, addr = 0
[ERROR] [1762150607.043295004] [tactile_sensor_node]: setSensorCapOffset error, addr = 0
[INFO] [1762150607.056323396] [tactile_sensor_node]: project=0
[ERROR] [1762150607.057141388] [tactile_sensor_node]: not found vailed project, project para use default
[INFO] [1762150607.057855045] [tactile_sensor_node]: Sensor[3] connected
[ERROR] [1762150607.139761796] [tactile_sensor_node]: setSensorSendType error, addr = 0
[ERROR] [1762150607.152587386] [tactile_sensor_node]: setSensorCapOffset error, addr = 0
[INFO] [1762150607.165585797] [tactile_sensor_node]: project=0
[ERROR] [1762150607.166274068] [tactile_sensor_node]: not found vailed project, project para use default
[INFO] [1762150607.166845697] [tactile_sensor_node]: Sensor[4] connected
[INFO] [1762150607.314305873] [tactile_sensor_node]: Shutting down tactile sensor node...
[INFO] [1762150607.314765210] [tactile_sensor_node]: CH341 resources released
