[INFO] [1762152721.441476672] [tactile_sensor_node]: Loaded parameters: max_fingers=5, i2c_speed=2, get_cap_ms=15
[INFO] [1762152721.441790052] [tactile_sensor_node]: Tactile sensor node initialized
[INFO] [1762152721.457426461] [tactile_sensor_node]: 运行在开发环境中。尝试从脚本目录相对路径加载库: /home/jim/文档/tactile_wss/install/tactile_sensor_ros2/lib/python3.10/site-packages/tactile_sensor_ros2/lib/ch341/CH341PAR_LINUX/lib/x64/dynamic/libch347.so
[INFO] [1762152721.457924492] [tactile_sensor_node]: ch341加载成功
[INFO] [1762152721.458130663] [tactile_sensor_node]: CH341 library initialized
[INFO] [1762152721.472800299] [tactile_sensor_node]: CH341 device opened successfully on Linux
[INFO] [1762152721.473162416] [tactile_sensor_node]: CH341 device opened
[INFO] [1762152721.487391829] [tactile_sensor_node]: CH341 I2C speed set to 2
[INFO] [1762152722.510270877] [tactile_sensor_node]: CH341 fully initialized and ready
[INFO] [1762152722.571530654] [tactile_sensor_node]: project=17
[INFO] [1762152722.572807443] [tactile_sensor_node]: finger connected, project = 两指-大包
[INFO] [1762152722.573453562] [tactile_sensor_node]: Sensor[0] connected
[ERROR] [1762152722.598211704] [tactile_sensor_node]: setSensorSendType error, addr = 0
[ERROR] [1762152722.610859706] [tactile_sensor_node]: setSensorCapOffset error, addr = 0
[INFO] [1762152722.624542762] [tactile_sensor_node]: project=0
[ERROR] [1762152722.625407867] [tactile_sensor_node]: not found vailed project, project para use default
[INFO] [1762152722.626056460] [tactile_sensor_node]: Sensor[1] connected
[ERROR] [1762152722.651166386] [tactile_sensor_node]: setSensorSendType error, addr = 0
[ERROR] [1762152722.663810609] [tactile_sensor_node]: setSensorCapOffset error, addr = 0
[INFO] [1762152722.676700422] [tactile_sensor_node]: project=0
[ERROR] [1762152722.677280547] [tactile_sensor_node]: not found vailed project, project para use default
[INFO] [1762152722.677795596] [tactile_sensor_node]: Sensor[2] connected
[ERROR] [1762152722.702117798] [tactile_sensor_node]: setSensorSendType error, addr = 0
[ERROR] [1762152722.714649050] [tactile_sensor_node]: setSensorCapOffset error, addr = 0
[INFO] [1762152722.727484039] [tactile_sensor_node]: project=0
[ERROR] [1762152722.728120773] [tactile_sensor_node]: not found vailed project, project para use default
[INFO] [1762152722.728637852] [tactile_sensor_node]: Sensor[3] connected
[ERROR] [1762152722.753354947] [tactile_sensor_node]: setSensorSendType error, addr = 0
[ERROR] [1762152722.766254808] [tactile_sensor_node]: setSensorCapOffset error, addr = 0
[INFO] [1762152722.779388359] [tactile_sensor_node]: project=0
[ERROR] [1762152722.780375620] [tactile_sensor_node]: not found vailed project, project para use default
[INFO] [1762152722.781386812] [tactile_sensor_node]: Sensor[4] connected
[ERROR] [1762152724.730753878] [tactile_sensor_node]: setSensorSendType error, addr = 0
[ERROR] [1762152724.743164981] [tactile_sensor_node]: setSensorCapOffset error, addr = 0
[INFO] [1762152724.756156912] [tactile_sensor_node]: project=0
[ERROR] [1762152724.757084434] [tactile_sensor_node]: not found vailed project, project para use default
[INFO] [1762152724.757860054] [tactile_sensor_node]: Sensor[1] connected
[ERROR] [1762152724.841744852] [tactile_sensor_node]: setSensorSendType error, addr = 0
[ERROR] [1762152724.854161691] [tactile_sensor_node]: setSensorCapOffset error, addr = 0
[INFO] [1762152724.866665026] [tactile_sensor_node]: project=0
[ERROR] [1762152724.867192516] [tactile_sensor_node]: not found vailed project, project para use default
[INFO] [1762152724.867726102] [tactile_sensor_node]: Sensor[2] connected
[ERROR] [1762152724.892809465] [tactile_sensor_node]: setSensorSendType error, addr = 0
[ERROR] [1762152724.905965987] [tactile_sensor_node]: setSensorCapOffset error, addr = 0
[INFO] [1762152724.919421933] [tactile_sensor_node]: project=0
[ERROR] [1762152724.920430293] [tactile_sensor_node]: not found vailed project, project para use default
[INFO] [1762152724.921018798] [tactile_sensor_node]: Sensor[3] connected
[ERROR] [1762152724.946075806] [tactile_sensor_node]: setSensorSendType error, addr = 0
[ERROR] [1762152724.958782133] [tactile_sensor_node]: setSensorCapOffset error, addr = 0
[INFO] [1762152724.971792546] [tactile_sensor_node]: project=0
[ERROR] [1762152724.972627685] [tactile_sensor_node]: not found vailed project, project para use default
[INFO] [1762152724.973337318] [tactile_sensor_node]: Sensor[4] connected
[INFO] [1762152725.283163195] [tactile_sensor_node]: Shutting down tactile sensor node...
[INFO] [1762152725.284097255] [tactile_sensor_node]: CH341 resources released
