[INFO] [1762150567.566341611] [tactile_sensor_node]: Loaded parameters: max_fingers=5, i2c_speed=2, get_cap_ms=15
[INFO] [1762150567.566627901] [tactile_sensor_node]: Tactile sensor node initialized
[INFO] [1762150567.582294294] [tactile_sensor_node]: 运行在开发环境中。尝试从脚本目录相对路径加载库: /home/jim/tactile_ws/install/tactile_sensor_ros2/lib/python3.10/site-packages/tactile_sensor_ros2/lib/ch341/CH341PAR_LINUX/lib/x64/dynamic/libch347.so
[INFO] [1762150567.582857044] [tactile_sensor_node]: ch341加载成功
[INFO] [1762150567.583111744] [tactile_sensor_node]: CH341 library initialized
[INFO] [1762150567.598490374] [tactile_sensor_node]: CH341 device opened successfully on Linux
[INFO] [1762150567.599070927] [tactile_sensor_node]: CH341 device opened
[INFO] [1762150567.612652429] [tactile_sensor_node]: CH341 I2C speed set to 2
[INFO] [1762150568.635499072] [tactile_sensor_node]: CH341 fully initialized and ready
[INFO] [1762150568.696252587] [tactile_sensor_node]: project=17
[INFO] [1762150568.697279572] [tactile_sensor_node]: finger connected, project = 两指-大包
[INFO] [1762150568.697868781] [tactile_sensor_node]: Sensor[0] connected
[ERROR] [1762150568.722778641] [tactile_sensor_node]: setSensorSendType error, addr = 0
[ERROR] [1762150568.735227183] [tactile_sensor_node]: setSensorCapOffset error, addr = 0
[INFO] [1762150568.748016474] [tactile_sensor_node]: project=0
[ERROR] [1762150568.748593782] [tactile_sensor_node]: not found vailed project, project para use default
[INFO] [1762150568.749098429] [tactile_sensor_node]: Sensor[1] connected
[ERROR] [1762150568.773977023] [tactile_sensor_node]: setSensorSendType error, addr = 0
[ERROR] [1762150568.786803096] [tactile_sensor_node]: setSensorCapOffset error, addr = 0
[INFO] [1762150568.799730053] [tactile_sensor_node]: project=0
[ERROR] [1762150568.800426871] [tactile_sensor_node]: not found vailed project, project para use default
[INFO] [1762150568.801090646] [tactile_sensor_node]: Sensor[2] connected
[ERROR] [1762150568.825842128] [tactile_sensor_node]: setSensorSendType error, addr = 0
[ERROR] [1762150568.838565200] [tactile_sensor_node]: setSensorCapOffset error, addr = 0
[INFO] [1762150568.851758370] [tactile_sensor_node]: project=0
[ERROR] [1762150568.852675814] [tactile_sensor_node]: not found vailed project, project para use default
[INFO] [1762150568.853482631] [tactile_sensor_node]: Sensor[3] connected
[ERROR] [1762150568.878458816] [tactile_sensor_node]: setSensorSendType error, addr = 0
[ERROR] [1762150568.891432942] [tactile_sensor_node]: setSensorCapOffset error, addr = 0
[INFO] [1762150568.904733883] [tactile_sensor_node]: project=0
[ERROR] [1762150568.905571265] [tactile_sensor_node]: not found vailed project, project para use default
[INFO] [1762150568.906458770] [tactile_sensor_node]: Sensor[4] connected
[ERROR] [1762150570.865675021] [tactile_sensor_node]: setSensorSendType error, addr = 0
[ERROR] [1762150570.878573390] [tactile_sensor_node]: setSensorCapOffset error, addr = 0
[INFO] [1762150570.891749980] [tactile_sensor_node]: project=0
[ERROR] [1762150570.892567162] [tactile_sensor_node]: not found vailed project, project para use default
[INFO] [1762150570.893246529] [tactile_sensor_node]: Sensor[1] connected
[ERROR] [1762150570.918119960] [tactile_sensor_node]: setSensorSendType error, addr = 0
[ERROR] [1762150570.931088507] [tactile_sensor_node]: setSensorCapOffset error, addr = 0
[INFO] [1762150570.944467178] [tactile_sensor_node]: project=0
[ERROR] [1762150570.945558321] [tactile_sensor_node]: not found vailed project, project para use default
[INFO] [1762150570.946358388] [tactile_sensor_node]: Sensor[2] connected
[ERROR] [1762150571.028041376] [tactile_sensor_node]: setSensorSendType error, addr = 0
[ERROR] [1762150571.040840316] [tactile_sensor_node]: setSensorCapOffset error, addr = 0
[INFO] [1762150571.053732690] [tactile_sensor_node]: project=0
[ERROR] [1762150571.054691467] [tactile_sensor_node]: not found vailed project, project para use default
[INFO] [1762150571.055633294] [tactile_sensor_node]: Sensor[3] connected
[ERROR] [1762150571.081052795] [tactile_sensor_node]: setSensorSendType error, addr = 0
[ERROR] [1762150571.094147379] [tactile_sensor_node]: setSensorCapOffset error, addr = 0
[INFO] [1762150571.107442102] [tactile_sensor_node]: project=0
[ERROR] [1762150571.108436860] [tactile_sensor_node]: not found vailed project, project para use default
[INFO] [1762150571.109223448] [tactile_sensor_node]: Sensor[4] connected
[ERROR] [1762150573.020451525] [tactile_sensor_node]: setSensorSendType error, addr = 0
[ERROR] [1762150573.033418206] [tactile_sensor_node]: setSensorCapOffset error, addr = 0
[INFO] [1762150573.046653024] [tactile_sensor_node]: project=0
[ERROR] [1762150573.047557855] [tactile_sensor_node]: not found vailed project, project para use default
[INFO] [1762150573.048417996] [tactile_sensor_node]: Sensor[1] connected
[ERROR] [1762150573.073206107] [tactile_sensor_node]: setSensorSendType error, addr = 0
[ERROR] [1762150573.085965781] [tactile_sensor_node]: setSensorCapOffset error, addr = 0
[INFO] [1762150573.099316100] [tactile_sensor_node]: project=0
[ERROR] [1762150573.100238924] [tactile_sensor_node]: not found vailed project, project para use default
[INFO] [1762150573.101065944] [tactile_sensor_node]: Sensor[2] connected
[ERROR] [1762150573.184740773] [tactile_sensor_node]: setSensorSendType error, addr = 0
[ERROR] [1762150573.197136564] [tactile_sensor_node]: setSensorCapOffset error, addr = 0
[INFO] [1762150573.210142216] [tactile_sensor_node]: project=0
[ERROR] [1762150573.211253306] [tactile_sensor_node]: not found vailed project, project para use default
[INFO] [1762150573.212049606] [tactile_sensor_node]: Sensor[3] connected
[ERROR] [1762150573.237146532] [tactile_sensor_node]: setSensorSendType error, addr = 0
[ERROR] [1762150573.249796852] [tactile_sensor_node]: setSensorCapOffset error, addr = 0
[INFO] [1762150573.263006693] [tactile_sensor_node]: project=0
[ERROR] [1762150573.263766088] [tactile_sensor_node]: not found vailed project, project para use default
[INFO] [1762150573.264431763] [tactile_sensor_node]: Sensor[4] connected
[INFO] [1762150573.660815719] [tactile_sensor_node]: Shutting down tactile sensor node...
[INFO] [1762150573.661576612] [tactile_sensor_node]: CH341 resources released
