[INFO] [1762147736.396877901] [tactile_data_subscriber]: Tactile data subscriber initialized
[INFO] [1762147737.721574840] [tactile_data_subscriber]: Finger 0
NF: [0.0, 0.0]
TF: [0.0, 0.0]
Channels: 16
 tDir:[65535, 65535]
[INFO] [1762147737.722751141] [tactile_data_subscriber]: Finger 0 Wrench - Fz: 0.000, Fx: 0.000
[INFO] [1762147737.779415450] [tactile_data_subscriber]: Finger 0 Wrench - Fz: 0.000, Fx: 0.000
[INFO] [1762147737.780586672] [tactile_data_subscriber]: Finger 0
NF: [0.0, 0.0]
TF: [0.0, 0.0]
Channels: 16
 tDir:[65535, 65535]
[INFO] [1762147737.841550196] [tactile_data_subscriber]: Finger 0 Wrench - Fz: 0.000, Fx: 0.000
[INFO] [1762147737.843551264] [tactile_data_subscriber]: Finger 0
NF: [0.0, 0.0]
TF: [0.0, 0.0]
Channels: 16
 tDir:[65535, 65535]
[INFO] [1762147737.903466865] [tactile_data_subscriber]: Finger 0 Wrench - Fz: 0.000, Fx: 0.000
[INFO] [1762147737.905081089] [tactile_data_subscriber]: Finger 0
NF: [0.0, 0.0]
TF: [0.0, 0.0]
Channels: 16
 tDir:[65535, 65535]
[INFO] [1762147737.960675846] [tactile_data_subscriber]: Finger 0 Wrench - Fz: 0.000, Fx: 0.000
[INFO] [1762147737.962039772] [tactile_data_subscriber]: Finger 0
NF: [0.0, 0.0]
TF: [0.0, 0.0]
Channels: 16
 tDir:[65535, 65535]
[INFO] [1762147738.023268304] [tactile_data_subscriber]: Finger 0 Wrench - Fz: 0.000, Fx: 0.000
[INFO] [1762147738.024959706] [tactile_data_subscriber]: Finger 0
NF: [0.0, 0.0]
TF: [0.0, 0.0]
Channels: 16
 tDir:[65535, 65535]
[INFO] [1762147738.085741960] [tactile_data_subscriber]: Finger 0
NF: [0.0, 0.0]
TF: [0.0, 0.0]
Channels: 16
 tDir:[65535, 65535]
[INFO] [1762147738.086848717] [tactile_data_subscriber]: Finger 0 Wrench - Fz: 0.000, Fx: 0.000
[INFO] [1762147738.149043072] [tactile_data_subscriber]: Finger 0 Wrench - Fz: 0.000, Fx: 0.000
[INFO] [1762147738.150793660] [tactile_data_subscriber]: Finger 0
NF: [0.0, 0.0]
TF: [0.0, 0.0]
Channels: 16
 tDir:[65535, 65535]
[INFO] [1762147738.209126691] [tactile_data_subscriber]: Finger 0 Wrench - Fz: 0.000, Fx: 0.000
[INFO] [1762147738.209671742] [tactile_data_subscriber]: Finger 0
NF: [0.0, 0.0]
TF: [0.0, 0.0]
Channels: 16
 tDir:[65535, 65535]
[INFO] [1762147738.270733928] [tactile_data_subscriber]: Finger 0
NF: [0.0, 0.0]
TF: [0.0, 0.0]
Channels: 16
 tDir:[65535, 65535]
[INFO] [1762147738.271814406] [tactile_data_subscriber]: Finger 0 Wrench - Fz: 0.000, Fx: 0.000
[INFO] [1762147738.334126289] [tactile_data_subscriber]: Finger 0 Wrench - Fz: 0.000, Fx: 0.000
[INFO] [1762147738.335853417] [tactile_data_subscriber]: Finger 0
NF: [0.0, 0.0]
TF: [0.0, 0.0]
Channels: 16
 tDir:[65535, 65535]
[INFO] [1762147738.392207234] [tactile_data_subscriber]: Finger 0 Wrench - Fz: 0.000, Fx: 0.000
[INFO] [1762147738.394227693] [tactile_data_subscriber]: Finger 0
NF: [0.0, 0.0]
TF: [0.0, 0.0]
Channels: 16
 tDir:[65535, 65535]
[INFO] [1762147738.455030156] [tactile_data_subscriber]: Finger 0 Wrench - Fz: 0.000, Fx: 0.000
[INFO] [1762147738.456867362] [tactile_data_subscriber]: Finger 0
NF: [0.0, 0.0]
TF: [0.0, 0.0]
Channels: 16
 tDir:[65535, 65535]
[INFO] [1762147738.517158719] [tactile_data_subscriber]: Finger 0 Wrench - Fz: 0.000, Fx: 0.000
[INFO] [1762147738.518809546] [tactile_data_subscriber]: Finger 0
NF: [0.0, 0.0]
TF: [0.0, 0.0]
Channels: 16
 tDir:[65535, 65535]
[INFO] [1762147738.579208351] [tactile_data_subscriber]: Finger 0 Wrench - Fz: 0.000, Fx: 0.000
[INFO] [1762147738.580638162] [tactile_data_subscriber]: Finger 0
NF: [0.0, 0.0]
TF: [0.0, 0.0]
Channels: 16
 tDir:[65535, 65535]
[INFO] [1762147738.642138318] [tactile_data_subscriber]: Finger 0
NF: [0.0, 0.0]
TF: [0.0, 0.0]
Channels: 16
 tDir:[65535, 65535]
[INFO] [1762147738.643341542] [tactile_data_subscriber]: Finger 0 Wrench - Fz: 0.000, Fx: 0.000
[INFO] [1762147738.700359793] [tactile_data_subscriber]: Finger 0 Wrench - Fz: 0.000, Fx: 0.000
[INFO] [1762147738.702372783] [tactile_data_subscriber]: Finger 0
NF: [0.0, 0.0]
TF: [0.0, 0.0]
Channels: 16
 tDir:[65535, 65535]
[INFO] [1762147738.762495740] [tactile_data_subscriber]: Finger 0 Wrench - Fz: 0.000, Fx: 0.000
[INFO] [1762147738.764015355] [tactile_data_subscriber]: Finger 0
NF: [0.0, 0.0]
TF: [0.0, 0.0]
Channels: 16
 tDir:[65535, 65535]
[INFO] [1762147738.825640687] [tactile_data_subscriber]: Finger 0
NF: [0.0, 0.0]
TF: [0.0, 0.0]
Channels: 16
 tDir:[65535, 65535]
[INFO] [1762147738.826725883] [tactile_data_subscriber]: Finger 0 Wrench - Fz: 0.000, Fx: 0.000
[INFO] [1762147738.887804872] [tactile_data_subscriber]: Finger 0
NF: [0.0, 0.0]
TF: [0.0, 0.0]
Channels: 16
 tDir:[65535, 65535]
[INFO] [1762147738.888783924] [tactile_data_subscriber]: Finger 0 Wrench - Fz: 0.000, Fx: 0.000
[INFO] [1762147738.945573281] [tactile_data_subscriber]: Finger 0 Wrench - Fz: 0.000, Fx: 0.000
[INFO] [1762147738.946926540] [tactile_data_subscriber]: Finger 0
NF: [0.0, 0.0]
TF: [0.0, 0.0]
Channels: 16
 tDir:[65535, 65535]
[INFO] [1762147739.009384477] [tactile_data_subscriber]: Finger 0 Wrench - Fz: 0.000, Fx: 0.000
[INFO] [1762147739.011520106] [tactile_data_subscriber]: Finger 0
NF: [0.0, 0.0]
TF: [0.0, 0.0]
Channels: 16
 tDir:[65535, 65535]
[INFO] [1762147739.072585525] [tactile_data_subscriber]: Finger 0 Wrench - Fz: 0.000, Fx: 0.000
[INFO] [1762147739.074385969] [tactile_data_subscriber]: Finger 0
NF: [0.0, 0.0]
TF: [0.0, 0.0]
Channels: 16
 tDir:[65535, 65535]
[INFO] [1762147739.133434006] [tactile_data_subscriber]: Finger 0
NF: [0.0, 0.0]
TF: [0.0, 0.0]
Channels: 16
 tDir:[65535, 65535]
[INFO] [1762147739.134392818] [tactile_data_subscriber]: Finger 0 Wrench - Fz: 0.000, Fx: 0.000
[INFO] [1762147739.191819891] [tactile_data_subscriber]: Finger 0 Wrench - Fz: 0.000, Fx: 0.000
[INFO] [1762147739.193325698] [tactile_data_subscriber]: Finger 0
NF: [0.0, 0.0]
TF: [0.0, 0.0]
Channels: 16
 tDir:[65535, 65535]
[INFO] [1762147739.253604689] [tactile_data_subscriber]: Finger 0 Wrench - Fz: 0.000, Fx: 0.000
[INFO] [1762147739.254965622] [tactile_data_subscriber]: Finger 0
NF: [0.0, 0.0]
TF: [0.0, 0.0]
Channels: 16
 tDir:[65535, 65535]
[INFO] [1762147739.363495763] [tactile_data_subscriber]: Finger 0
NF: [0.0, 0.0]
TF: [0.0, 0.0]
Channels: 16
 tDir:[65535, 65535]
[INFO] [1762147739.363861922] [tactile_data_subscriber]: Finger 0 Wrench - Fz: 0.000, Fx: 0.000
[INFO] [1762147739.421263933] [tactile_data_subscriber]: Finger 0
NF: [0.0, 0.0]
TF: [0.0, 0.0]
Channels: 16
 tDir:[65535, 65535]
[INFO] [1762147739.422482301] [tactile_data_subscriber]: Finger 0 Wrench - Fz: 0.000, Fx: 0.000
[INFO] [1762147739.478422998] [tactile_data_subscriber]: Finger 0
NF: [0.0, 0.0]
TF: [0.0, 0.0]
Channels: 16
 tDir:[65535, 65535]
[INFO] [1762147739.479728463] [tactile_data_subscriber]: Finger 0 Wrench - Fz: 0.000, Fx: 0.000
[INFO] [1762147739.535944241] [tactile_data_subscriber]: Finger 0
NF: [0.0, 0.0]
TF: [0.0, 0.0]
Channels: 16
 tDir:[65535, 65535]
[INFO] [1762147739.537206955] [tactile_data_subscriber]: Finger 0 Wrench - Fz: 0.000, Fx: 0.000
[INFO] [1762147739.593757405] [tactile_data_subscriber]: Finger 0
NF: [0.0, 0.0]
TF: [0.0, 0.0]
Channels: 16
 tDir:[65535, 65535]
[INFO] [1762147739.594991099] [tactile_data_subscriber]: Finger 0 Wrench - Fz: 0.000, Fx: 0.000
[INFO] [1762147739.654989738] [tactile_data_subscriber]: Finger 0 Wrench - Fz: 0.000, Fx: 0.000
[INFO] [1762147739.656448055] [tactile_data_subscriber]: Finger 0
NF: [0.0, 0.0]
TF: [0.0, 0.0]
Channels: 16
 tDir:[65535, 65535]
[INFO] [1762147739.791663021] [tactile_data_subscriber]: Finger 0 Wrench - Fz: 0.000, Fx: 0.000
[INFO] [1762147739.792249322] [tactile_data_subscriber]: Finger 0
NF: [0.0, 0.0]
TF: [0.0, 0.0]
Channels: 16
 tDir:[65535, 65535]
[INFO] [1762147739.930019500] [tactile_data_subscriber]: Finger 0 Wrench - Fz: 0.000, Fx: 0.000
[INFO] [1762147739.932773305] [tactile_data_subscriber]: Finger 0
NF: [0.0, 0.0]
TF: [0.0, 0.0]
Channels: 16
 tDir:[65535, 65535]
[INFO] [1762147739.986838650] [tactile_data_subscriber]: Finger 0 Wrench - Fz: 0.000, Fx: 0.000
[INFO] [1762147739.988095069] [tactile_data_subscriber]: Finger 0
NF: [0.0, 0.0]
TF: [0.0, 0.0]
Channels: 16
 tDir:[65535, 65535]
[INFO] [1762147740.044621712] [tactile_data_subscriber]: Finger 0 Wrench - Fz: 0.000, Fx: 0.000
[INFO] [1762147740.046647926] [tactile_data_subscriber]: Finger 0
NF: [0.0, 0.0]
TF: [0.0, 0.0]
Channels: 16
 tDir:[65535, 65535]
[INFO] [1762147740.102481363] [tactile_data_subscriber]: Finger 0 Wrench - Fz: 0.000, Fx: 0.000
[INFO] [1762147740.104107499] [tactile_data_subscriber]: Finger 0
NF: [0.0, 0.0]
TF: [0.0, 0.0]
Channels: 16
 tDir:[65535, 65535]
[INFO] [1762147740.159928652] [tactile_data_subscriber]: Finger 0 Wrench - Fz: 0.000, Fx: 0.000
[INFO] [1762147740.161703681] [tactile_data_subscriber]: Finger 0
NF: [0.0, 0.0]
TF: [0.0, 0.0]
Channels: 16
 tDir:[65535, 65535]
[INFO] [1762147740.215493236] [tactile_data_subscriber]: Finger 0
NF: [0.0, 0.0]
TF: [0.0, 0.0]
Channels: 16
 tDir:[65535, 65535]
[INFO] [1762147740.215868193] [tactile_data_subscriber]: Finger 0 Wrench - Fz: 0.000, Fx: 0.000
[INFO] [1762147740.273839237] [tactile_data_subscriber]: Finger 0 Wrench - Fz: 0.000, Fx: 0.000
[INFO] [1762147740.276164007] [tactile_data_subscriber]: Finger 0
NF: [0.0, 0.0]
TF: [0.0, 0.0]
Channels: 16
 tDir:[65535, 65535]
[INFO] [1762147740.330627888] [tactile_data_subscriber]: Finger 0
NF: [0.0, 0.0]
TF: [0.0, 0.0]
Channels: 16
 tDir:[65535, 65535]
[INFO] [1762147740.331883023] [tactile_data_subscriber]: Finger 0 Wrench - Fz: 0.000, Fx: 0.000
[INFO] [1762147740.443461820] [tactile_data_subscriber]: Finger 0
NF: [0.0, 0.0]
TF: [0.0, 0.0]
Channels: 16
 tDir:[65535, 65535]
[INFO] [1762147740.445020233] [tactile_data_subscriber]: Finger 0 Wrench - Fz: 0.000, Fx: 0.000
[INFO] [1762147740.500144586] [tactile_data_subscriber]: Finger 0
NF: [0.0, 0.0]
TF: [0.0, 0.0]
Channels: 16
 tDir:[65535, 65535]
[INFO] [1762147740.501510904] [tactile_data_subscriber]: Finger 0 Wrench - Fz: 0.000, Fx: 0.000
[INFO] [1762147740.557552638] [tactile_data_subscriber]: Finger 0 Wrench - Fz: 0.000, Fx: 0.000
[INFO] [1762147740.559283557] [tactile_data_subscriber]: Finger 0
NF: [0.0, 0.0]
TF: [0.0, 0.0]
Channels: 16
 tDir:[65535, 65535]
[INFO] [1762147740.614904212] [tactile_data_subscriber]: Finger 0 Wrench - Fz: 0.000, Fx: 0.000
[INFO] [1762147740.616524311] [tactile_data_subscriber]: Finger 0
NF: [0.0, 0.0]
TF: [0.0, 0.0]
Channels: 16
 tDir:[65535, 65535]
[INFO] [1762147740.672519894] [tactile_data_subscriber]: Finger 0 Wrench - Fz: 0.000, Fx: 0.000
[INFO] [1762147740.674431119] [tactile_data_subscriber]: Finger 0
NF: [0.0, 0.0]
TF: [0.0, 0.0]
Channels: 16
 tDir:[65535, 65535]
[INFO] [1762147740.734566160] [tactile_data_subscriber]: Finger 0 Wrench - Fz: 0.000, Fx: 0.000
[INFO] [1762147740.735996655] [tactile_data_subscriber]: Finger 0
NF: [0.0, 0.0]
TF: [0.0, 0.0]
Channels: 16
 tDir:[65535, 65535]
[INFO] [1762147740.796541350] [tactile_data_subscriber]: Finger 0 Wrench - Fz: 0.000, Fx: 0.000
[INFO] [1762147740.798026696] [tactile_data_subscriber]: Finger 0
NF: [0.0, 0.0]
TF: [0.0, 0.0]
Channels: 16
 tDir:[65535, 65535]
[INFO] [1762147740.854493136] [tactile_data_subscriber]: Finger 0
NF: [0.0, 0.0]
TF: [0.0, 0.0]
Channels: 16
 tDir:[65535, 65535]
[INFO] [1762147740.855677844] [tactile_data_subscriber]: Finger 0 Wrench - Fz: 0.000, Fx: 0.000
[INFO] [1762147740.916949098] [tactile_data_subscriber]: Finger 0
NF: [0.0, 0.0]
TF: [0.0, 0.0]
Channels: 16
 tDir:[65535, 65535]
[INFO] [1762147740.917960212] [tactile_data_subscriber]: Finger 0 Wrench - Fz: 0.000, Fx: 0.000
[INFO] [1762147740.978857769] [tactile_data_subscriber]: Finger 0 Wrench - Fz: 0.000, Fx: 0.000
[INFO] [1762147740.980234906] [tactile_data_subscriber]: Finger 0
NF: [0.0, 0.0]
TF: [0.0, 0.0]
Channels: 16
 tDir:[65535, 65535]
[INFO] [1762147741.041588068] [tactile_data_subscriber]: Finger 0 Wrench - Fz: 0.000, Fx: 0.000
[INFO] [1762147741.042971713] [tactile_data_subscriber]: Finger 0
NF: [0.0, 0.0]
TF: [0.0, 0.0]
Channels: 16
 tDir:[65535, 65535]
[INFO] [1762147741.103261403] [tactile_data_subscriber]: Finger 0
NF: [0.0, 0.0]
TF: [0.0, 0.0]
Channels: 16
 tDir:[65535, 65535]
[INFO] [1762147741.104152000] [tactile_data_subscriber]: Finger 0 Wrench - Fz: 0.000, Fx: 0.000
[INFO] [1762147741.166095985] [tactile_data_subscriber]: Finger 0
NF: [0.0, 0.0]
TF: [0.0, 0.0]
Channels: 16
 tDir:[65535, 65535]
[INFO] [1762147741.167256358] [tactile_data_subscriber]: Finger 0 Wrench - Fz: 0.000, Fx: 0.000
[INFO] [1762147741.226571490] [tactile_data_subscriber]: Finger 0
NF: [0.0, 0.0]
TF: [0.0, 0.0]
Channels: 16
 tDir:[65535, 65535]
[INFO] [1762147741.227291665] [tactile_data_subscriber]: Finger 0 Wrench - Fz: 0.000, Fx: 0.000
[INFO] [1762147741.287806646] [tactile_data_subscriber]: Finger 0
NF: [0.0, 0.0]
TF: [0.0, 0.0]
Channels: 16
 tDir:[65535, 65535]
[INFO] [1762147741.289152021] [tactile_data_subscriber]: Finger 0 Wrench - Fz: 0.000, Fx: 0.000
[INFO] [1762147741.350880711] [tactile_data_subscriber]: Finger 0
NF: [0.0, 0.0]
TF: [0.0, 0.0]
Channels: 16
 tDir:[65535, 65535]
[INFO] [1762147741.352067798] [tactile_data_subscriber]: Finger 0 Wrench - Fz: 0.000, Fx: 0.000
[INFO] [1762147741.413920894] [tactile_data_subscriber]: Finger 0 Wrench - Fz: 0.000, Fx: 0.000
[INFO] [1762147741.415702923] [tactile_data_subscriber]: Finger 0
NF: [0.0, 0.0]
TF: [0.0, 0.0]
Channels: 16
 tDir:[65535, 65535]
[INFO] [1762147741.470646203] [tactile_data_subscriber]: Finger 0
NF: [0.0, 0.0]
TF: [0.0, 0.0]
Channels: 16
 tDir:[65535, 65535]
[INFO] [1762147741.472010197] [tactile_data_subscriber]: Finger 0 Wrench - Fz: 0.000, Fx: 0.000
[INFO] [1762147741.534339309] [tactile_data_subscriber]: Finger 0
NF: [0.0, 0.0]
TF: [0.0, 0.0]
Channels: 16
 tDir:[65535, 65535]
[INFO] [1762147741.535323277] [tactile_data_subscriber]: Finger 0 Wrench - Fz: 0.000, Fx: 0.000
[INFO] [1762147741.596501169] [tactile_data_subscriber]: Finger 0 Wrench - Fz: 0.000, Fx: 0.000
[INFO] [1762147741.597953191] [tactile_data_subscriber]: Finger 0
NF: [0.0, 0.0]
TF: [0.0, 0.0]
Channels: 16
 tDir:[65535, 65535]
[INFO] [1762147741.658906098] [tactile_data_subscriber]: Finger 0 Wrench - Fz: 0.000, Fx: 0.000
[INFO] [1762147741.660478190] [tactile_data_subscriber]: Finger 0
NF: [0.0, 0.0]
TF: [0.0, 0.0]
Channels: 16
 tDir:[65535, 65535]
[INFO] [1762147741.716788338] [tactile_data_subscriber]: Finger 0 Wrench - Fz: 0.000, Fx: 0.000
[INFO] [1762147741.718866565] [tactile_data_subscriber]: Finger 0
NF: [0.0, 0.0]
TF: [0.0, 0.0]
Channels: 16
 tDir:[65535, 65535]
[INFO] [1762147741.779103717] [tactile_data_subscriber]: Finger 0
NF: [0.0, 0.0]
TF: [0.0, 0.0]
Channels: 16
 tDir:[65535, 65535]
[INFO] [1762147741.780169213] [tactile_data_subscriber]: Finger 0 Wrench - Fz: 0.000, Fx: 0.000
[INFO] [1762147741.877283697] [tactile_data_subscriber]: Finger 0
NF: [0.0, 0.0]
TF: [0.0, 0.0]
Channels: 16
 tDir:[65535, 65535]
[INFO] [1762147741.878314375] [tactile_data_subscriber]: Finger 0 Wrench - Fz: 0.000, Fx: 0.000
[INFO] [1762147741.975825521] [tactile_data_subscriber]: Finger 0 Wrench - Fz: 0.000, Fx: 0.000
[INFO] [1762147741.978158991] [tactile_data_subscriber]: Finger 0
NF: [0.0, 0.0]
TF: [0.0, 0.0]
Channels: 16
 tDir:[65535, 65535]
[INFO] [1762147742.113029865] [tactile_data_subscriber]: Finger 0 Wrench - Fz: 0.000, Fx: 0.000
[INFO] [1762147742.114809715] [tactile_data_subscriber]: Finger 0
NF: [0.0, 0.0]
TF: [0.0, 0.0]
Channels: 16
 tDir:[65535, 65535]
[INFO] [1762147742.170371217] [tactile_data_subscriber]: Finger 0 Wrench - Fz: 0.000, Fx: 0.000
[INFO] [1762147742.171889563] [tactile_data_subscriber]: Finger 0
NF: [0.0, 0.0]
TF: [0.0, 0.0]
Channels: 16
 tDir:[65535, 65535]
[INFO] [1762147742.225835520] [tactile_data_subscriber]: Finger 0
NF: [0.0, 0.0]
TF: [0.0, 0.0]
Channels: 16
 tDir:[65535, 65535]
[INFO] [1762147742.226517949] [tactile_data_subscriber]: Finger 0 Wrench - Fz: 0.000, Fx: 0.000
[INFO] [1762147742.281116943] [tactile_data_subscriber]: Finger 0
NF: [0.0, 0.0]
TF: [0.0, 0.0]
Channels: 16
 tDir:[65535, 65535]
[INFO] [1762147742.281710507] [tactile_data_subscriber]: Finger 0 Wrench - Fz: 0.000, Fx: 0.000
[INFO] [1762147742.339032525] [tactile_data_subscriber]: Finger 0 Wrench - Fz: 0.000, Fx: 0.000
[INFO] [1762147742.340912445] [tactile_data_subscriber]: Finger 0
NF: [0.0, 0.0]
TF: [0.0, 0.0]
Channels: 16
 tDir:[65535, 65535]
[INFO] [1762147742.396304439] [tactile_data_subscriber]: Finger 0 Wrench - Fz: 0.000, Fx: 0.000
[INFO] [1762147742.397773221] [tactile_data_subscriber]: Finger 0
NF: [0.0, 0.0]
TF: [0.0, 0.0]
Channels: 16
 tDir:[65535, 65535]
[INFO] [1762147742.459261903] [tactile_data_subscriber]: Finger 0 Wrench - Fz: 0.000, Fx: 0.000
[INFO] [1762147742.460828899] [tactile_data_subscriber]: Finger 0
NF: [0.0, 0.0]
TF: [0.0, 0.0]
Channels: 16
 tDir:[65535, 65535]
[INFO] [1762147742.517296026] [tactile_data_subscriber]: Finger 0 Wrench - Fz: 0.000, Fx: 0.000
[INFO] [1762147742.518951551] [tactile_data_subscriber]: Finger 0
NF: [0.0, 0.0]
TF: [0.0, 0.0]
Channels: 16
 tDir:[65535, 65535]
[INFO] [1762147742.579871309] [tactile_data_subscriber]: Finger 0 Wrench - Fz: 0.000, Fx: 0.000
[INFO] [1762147742.581447567] [tactile_data_subscriber]: Finger 0
NF: [0.0, 0.0]
TF: [0.0, 0.0]
Channels: 16
 tDir:[65535, 65535]
[INFO] [1762147742.642181265] [tactile_data_subscriber]: Finger 0 Wrench - Fz: 0.000, Fx: 0.000
[INFO] [1762147742.643401707] [tactile_data_subscriber]: Finger 0
NF: [0.0, 0.0]
TF: [0.0, 0.0]
Channels: 16
 tDir:[65535, 65535]
[INFO] [1762147742.704983115] [tactile_data_subscriber]: Finger 0 Wrench - Fz: 0.000, Fx: 0.000
[INFO] [1762147742.706714126] [tactile_data_subscriber]: Finger 0
NF: [0.0, 0.0]
TF: [0.0, 0.0]
Channels: 16
 tDir:[65535, 65535]
[INFO] [1762147742.765820828] [tactile_data_subscriber]: Finger 0
NF: [0.0, 0.0]
TF: [0.0, 0.0]
Channels: 16
 tDir:[65535, 65535]
[INFO] [1762147742.767114953] [tactile_data_subscriber]: Finger 0 Wrench - Fz: 0.000, Fx: 0.000
[INFO] [1762147742.828343240] [tactile_data_subscriber]: Finger 0
NF: [0.0, 0.0]
TF: [0.0, 0.0]
Channels: 16
 tDir:[65535, 65535]
[INFO] [1762147742.830108208] [tactile_data_subscriber]: Finger 0 Wrench - Fz: 0.000, Fx: 0.000
[INFO] [1762147742.890576324] [tactile_data_subscriber]: Finger 0 Wrench - Fz: 0.000, Fx: 0.000
[INFO] [1762147742.892520749] [tactile_data_subscriber]: Finger 0
NF: [0.0, 0.0]
TF: [0.0, 0.0]
Channels: 16
 tDir:[65535, 65535]
[INFO] [1762147742.950712559] [tactile_data_subscriber]: Finger 0 Wrench - Fz: 0.000, Fx: 0.000
[INFO] [1762147742.952168161] [tactile_data_subscriber]: Finger 0
NF: [0.0, 0.0]
TF: [0.0, 0.0]
Channels: 16
 tDir:[65535, 65535]
[INFO] [1762147743.013765315] [tactile_data_subscriber]: Finger 0 Wrench - Fz: 0.000, Fx: 0.000
[INFO] [1762147743.015433417] [tactile_data_subscriber]: Finger 0
NF: [0.0, 0.0]
TF: [0.0, 0.0]
Channels: 16
 tDir:[65535, 65535]
[INFO] [1762147743.070818824] [tactile_data_subscriber]: Finger 0 Wrench - Fz: 0.000, Fx: 0.000
[INFO] [1762147743.072474399] [tactile_data_subscriber]: Finger 0
NF: [0.0, 0.0]
TF: [0.0, 0.0]
Channels: 16
 tDir:[65535, 65535]
[INFO] [1762147743.133941718] [tactile_data_subscriber]: Finger 0 Wrench - Fz: 0.000, Fx: 0.000
[INFO] [1762147743.135389529] [tactile_data_subscriber]: Finger 0
NF: [0.0, 0.0]
TF: [0.0, 0.0]
Channels: 16
 tDir:[65535, 65535]
[INFO] [1762147743.196614499] [tactile_data_subscriber]: Finger 0 Wrench - Fz: 0.000, Fx: 0.000
[INFO] [1762147743.197953610] [tactile_data_subscriber]: Finger 0
NF: [0.0, 0.0]
TF: [0.0, 0.0]
Channels: 16
 tDir:[65535, 65535]
[INFO] [1762147743.256520094] [tactile_data_subscriber]: Finger 0 Wrench - Fz: 0.000, Fx: 0.000
[INFO] [1762147743.257516576] [tactile_data_subscriber]: Finger 0
NF: [0.0, 0.0]
TF: [0.0, 0.0]
Channels: 16
 tDir:[65535, 65535]
[INFO] [1762147743.318901559] [tactile_data_subscriber]: Finger 0
NF: [0.0, 0.0]
TF: [0.0, 0.0]
Channels: 16
 tDir:[65535, 65535]
[INFO] [1762147743.320417879] [tactile_data_subscriber]: Finger 0 Wrench - Fz: 0.000, Fx: 0.000
[INFO] [1762147743.380642064] [tactile_data_subscriber]: Finger 0
NF: [0.0, 0.0]
TF: [0.0, 0.0]
Channels: 16
 tDir:[65535, 65535]
[INFO] [1762147743.381538593] [tactile_data_subscriber]: Finger 0 Wrench - Fz: 0.000, Fx: 0.000
[INFO] [1762147743.442259751] [tactile_data_subscriber]: Finger 0 Wrench - Fz: 0.000, Fx: 0.000
[INFO] [1762147743.443731371] [tactile_data_subscriber]: Finger 0
NF: [0.0, 0.0]
TF: [0.0, 0.0]
Channels: 16
 tDir:[65535, 65535]
[INFO] [1762147743.503560482] [tactile_data_subscriber]: Finger 0
NF: [0.0, 0.0]
TF: [0.0, 0.0]
Channels: 16
 tDir:[65535, 65535]
[INFO] [1762147743.504639963] [tactile_data_subscriber]: Finger 0 Wrench - Fz: 0.000, Fx: 0.000
[INFO] [1762147743.565736669] [tactile_data_subscriber]: Finger 0
NF: [0.0, 0.0]
TF: [0.0, 0.0]
Channels: 16
 tDir:[65535, 65535]
[INFO] [1762147743.566879651] [tactile_data_subscriber]: Finger 0 Wrench - Fz: 0.000, Fx: 0.000
[INFO] [1762147743.627451061] [tactile_data_subscriber]: Finger 0 Wrench - Fz: 0.000, Fx: 0.000
[INFO] [1762147743.629154709] [tactile_data_subscriber]: Finger 0
NF: [0.0, 0.0]
TF: [0.0, 0.0]
Channels: 16
 tDir:[65535, 65535]
[INFO] [1762147743.689231211] [tactile_data_subscriber]: Finger 0 Wrench - Fz: 0.000, Fx: 0.000
[INFO] [1762147743.690678890] [tactile_data_subscriber]: Finger 0
NF: [0.0, 0.0]
TF: [0.0, 0.0]
Channels: 16
 tDir:[65535, 65535]
[INFO] [1762147743.751029752] [tactile_data_subscriber]: Finger 0 Wrench - Fz: 0.110, Fx: 0.030
[INFO] [1762147743.752315258] [tactile_data_subscriber]: Finger 0
NF: [0.11, 0.0]
TF: [0.03, 0.0]
Channels: 16
 tDir:[332, 65535]
[INFO] [1762147743.813379494] [tactile_data_subscriber]: Finger 0 Wrench - Fz: 0.130, Fx: 0.020
[INFO] [1762147743.814595912] [tactile_data_subscriber]: Finger 0
NF: [0.13, 0.0]
TF: [0.02, 0.0]
Channels: 16
 tDir:[294, 65535]
[INFO] [1762147743.876132179] [tactile_data_subscriber]: Finger 0 Wrench - Fz: 0.560, Fx: 0.110
[INFO] [1762147743.878683709] [tactile_data_subscriber]: Finger 0
NF: [0.56, 0.0]
TF: [0.11, 0.0]
Channels: 16
 tDir:[275, 65535]
[INFO] [1762147743.938514387] [tactile_data_subscriber]: Finger 0 Wrench - Fz: 2.420, Fx: 0.780
[INFO] [1762147743.940759380] [tactile_data_subscriber]: Finger 0
NF: [2.42, 0.0]
TF: [0.78, 0.0]
Channels: 16
 tDir:[64, 65535]
[INFO] [1762147744.037158947] [tactile_data_subscriber]: Finger 0 Wrench - Fz: 4.030, Fx: 1.480
[INFO] [1762147744.039693954] [tactile_data_subscriber]: Finger 0
NF: [4.03, 0.0]
TF: [1.48, 0.0]
Channels: 16
 tDir:[5, 65535]
[INFO] [1762147744.137009392] [tactile_data_subscriber]: Finger 0 Wrench - Fz: 5.780, Fx: 2.530
[INFO] [1762147744.139295503] [tactile_data_subscriber]: Finger 0
NF: [5.78, 0.0]
TF: [2.53, 0.0]
Channels: 16
 tDir:[52, 65535]
[INFO] [1762147744.268581797] [tactile_data_subscriber]: Finger 0
NF: [6.99, 0.0]
TF: [3.92, 0.0]
Channels: 16
 tDir:[62, 65535]
[INFO] [1762147744.269389247] [tactile_data_subscriber]: Finger 0 Wrench - Fz: 6.990, Fx: 3.920
[INFO] [1762147744.328177069] [tactile_data_subscriber]: Finger 0 Wrench - Fz: 7.020, Fx: 3.950
[INFO] [1762147744.330287209] [tactile_data_subscriber]: Finger 0
NF: [7.02, 0.0]
TF: [3.95, 0.0]
Channels: 16
 tDir:[61, 65535]
[INFO] [1762147744.386425029] [tactile_data_subscriber]: Finger 0 Wrench - Fz: 7.030, Fx: 3.780
[INFO] [1762147744.388123114] [tactile_data_subscriber]: Finger 0
NF: [7.03, 0.0]
TF: [3.78, 0.0]
Channels: 16
 tDir:[65, 65535]
[INFO] [1762147744.446041567] [tactile_data_subscriber]: Finger 0 Wrench - Fz: 6.200, Fx: 3.810
[INFO] [1762147744.447718168] [tactile_data_subscriber]: Finger 0
NF: [6.2, 0.38]
TF: [3.81, 0.25]
Channels: 16
 tDir:[62, 155]
[INFO] [1762147744.503123125] [tactile_data_subscriber]: Finger 0 Wrench - Fz: 4.460, Fx: 3.640
[INFO] [1762147744.504665170] [tactile_data_subscriber]: Finger 0
NF: [4.46, 0.56]
TF: [3.64, 0.48]
Channels: 16
 tDir:[71, 169]
[INFO] [1762147744.561767421] [tactile_data_subscriber]: Finger 0 Wrench - Fz: 3.630, Fx: 3.050
[INFO] [1762147744.563438902] [tactile_data_subscriber]: Finger 0
NF: [3.63, 0.64]
TF: [3.05, 0.76]
Channels: 16
 tDir:[71, 162]
[INFO] [1762147744.619245176] [tactile_data_subscriber]: Finger 0 Wrench - Fz: 3.000, Fx: 2.690
[INFO] [1762147744.620568378] [tactile_data_subscriber]: Finger 0
NF: [3.0, 0.95]
TF: [2.69, 1.64]
Channels: 16
 tDir:[73, 153]
[INFO] [1762147744.675842254] [tactile_data_subscriber]: Finger 0 Wrench - Fz: 2.520, Fx: 2.310
[INFO] [1762147744.677759018] [tactile_data_subscriber]: Finger 0
NF: [2.52, 1.49]
TF: [2.31, 2.98]
Channels: 16
 tDir:[77, 150]
[INFO] [1762147744.737902006] [tactile_data_subscriber]: Finger 0 Wrench - Fz: 1.850, Fx: 1.940
[INFO] [1762147744.739224051] [tactile_data_subscriber]: Finger 0
NF: [1.85, 3.55]
TF: [1.94, 7.13]
Channels: 16
 tDir:[85, 138]
[INFO] [1762147744.797017193] [tactile_data_subscriber]: Finger 0 Wrench - Fz: 1.620, Fx: 1.710
[INFO] [1762147744.798676772] [tactile_data_subscriber]: Finger 0
NF: [1.62, 3.66]
TF: [1.71, 7.74]
Channels: 16
 tDir:[83, 137]
[INFO] [1762147744.862293146] [tactile_data_subscriber]: Finger 0
NF: [1.49, 2.53]
TF: [1.55, 6.01]
Channels: 16
 tDir:[81, 135]
[INFO] [1762147744.863717783] [tactile_data_subscriber]: Finger 0 Wrench - Fz: 1.490, Fx: 1.550
[INFO] [1762147744.919639691] [tactile_data_subscriber]: Finger 0
NF: [0.13, 0.55]
TF: [0.27, 2.12]
Channels: 16
 tDir:[85, 182]
[INFO] [1762147744.920895124] [tactile_data_subscriber]: Finger 0 Wrench - Fz: 0.130, Fx: 0.270
[INFO] [1762147744.981292084] [tactile_data_subscriber]: Finger 0
NF: [0.06, 0.0]
TF: [0.15, 0.0]
Channels: 16
 tDir:[111, 65535]
[INFO] [1762147744.982214015] [tactile_data_subscriber]: Finger 0 Wrench - Fz: 0.060, Fx: 0.150
[INFO] [1762147745.043634254] [tactile_data_subscriber]: Finger 0 Wrench - Fz: 0.000, Fx: 0.000
[INFO] [1762147745.044737781] [tactile_data_subscriber]: Finger 0
NF: [0.0, 0.0]
TF: [0.0, 0.0]
Channels: 16
 tDir:[65535, 65535]
[INFO] [1762147745.106803068] [tactile_data_subscriber]: Finger 0
NF: [0.0, 0.0]
TF: [0.0, 0.0]
Channels: 16
 tDir:[65535, 65535]
[INFO] [1762147745.107860823] [tactile_data_subscriber]: Finger 0 Wrench - Fz: 0.000, Fx: 0.000
[INFO] [1762147745.164864624] [tactile_data_subscriber]: Finger 0 Wrench - Fz: 0.000, Fx: 0.000
[INFO] [1762147745.167025993] [tactile_data_subscriber]: Finger 0
NF: [0.0, 0.0]
TF: [0.0, 0.0]
Channels: 16
 tDir:[65535, 65535]
[INFO] [1762147745.225010743] [tactile_data_subscriber]: Finger 0
NF: [0.0, 0.0]
TF: [0.0, 0.0]
Channels: 16
 tDir:[65535, 65535]
[INFO] [1762147745.225397926] [tactile_data_subscriber]: Finger 0 Wrench - Fz: 0.000, Fx: 0.000
[INFO] [1762147745.341157216] [tactile_data_subscriber]: Finger 0
NF: [0.0, 0.0]
TF: [0.0, 0.0]
Channels: 16
 tDir:[65535, 65535]
[INFO] [1762147745.341825172] [tactile_data_subscriber]: Finger 0 Wrench - Fz: 0.000, Fx: 0.000
[INFO] [1762147745.398678425] [tactile_data_subscriber]: Finger 0 Wrench - Fz: 0.000, Fx: 0.000
[INFO] [1762147745.399917549] [tactile_data_subscriber]: Finger 0
NF: [0.0, 0.0]
TF: [0.0, 0.0]
Channels: 16
 tDir:[65535, 65535]
[INFO] [1762147745.454939010] [tactile_data_subscriber]: Finger 0
NF: [0.0, 0.0]
TF: [0.0, 0.0]
Channels: 16
 tDir:[65535, 65535]
[INFO] [1762147745.455937188] [tactile_data_subscriber]: Finger 0 Wrench - Fz: 0.000, Fx: 0.000
[INFO] [1762147745.512676939] [tactile_data_subscriber]: Finger 0
NF: [0.0, 0.0]
TF: [0.0, 0.0]
Channels: 16
 tDir:[65535, 65535]
[INFO] [1762147745.514133107] [tactile_data_subscriber]: Finger 0 Wrench - Fz: 0.000, Fx: 0.000
[INFO] [1762147745.570421235] [tactile_data_subscriber]: Finger 0
NF: [0.0, 0.0]
TF: [0.0, 0.0]
Channels: 16
 tDir:[65535, 65535]
[INFO] [1762147745.571709434] [tactile_data_subscriber]: Finger 0 Wrench - Fz: 0.000, Fx: 0.000
[INFO] [1762147745.627886702] [tactile_data_subscriber]: Finger 0 Wrench - Fz: 0.000, Fx: 0.000
[INFO] [1762147745.629754538] [tactile_data_subscriber]: Finger 0
NF: [0.0, 0.0]
TF: [0.0, 0.0]
Channels: 16
 tDir:[65535, 65535]
[INFO] [1762147745.689954918] [tactile_data_subscriber]: Finger 0 Wrench - Fz: 0.000, Fx: 0.000
[INFO] [1762147745.692089803] [tactile_data_subscriber]: Finger 0
NF: [0.0, 0.0]
TF: [0.0, 0.0]
Channels: 16
 tDir:[65535, 65535]
[INFO] [1762147745.749922041] [tactile_data_subscriber]: Finger 0 Wrench - Fz: 0.000, Fx: 0.000
[INFO] [1762147745.750423865] [tactile_data_subscriber]: Finger 0
NF: [0.0, 0.0]
TF: [0.0, 0.0]
Channels: 16
 tDir:[65535, 65535]
[INFO] [1762147745.813157549] [tactile_data_subscriber]: Finger 0 Wrench - Fz: 0.000, Fx: 0.000
[INFO] [1762147745.814604744] [tactile_data_subscriber]: Finger 0
NF: [0.0, 0.0]
TF: [0.0, 0.0]
Channels: 16
 tDir:[65535, 65535]
[INFO] [1762147745.876066385] [tactile_data_subscriber]: Finger 0
NF: [0.0, 0.0]
TF: [0.0, 0.0]
Channels: 16
 tDir:[65535, 65535]
[INFO] [1762147745.877560717] [tactile_data_subscriber]: Finger 0 Wrench - Fz: 0.000, Fx: 0.000
[INFO] [1762147745.938639509] [tactile_data_subscriber]: Finger 0
NF: [0.0, 0.0]
TF: [0.0, 0.0]
Channels: 16
 tDir:[65535, 65535]
[INFO] [1762147745.940258927] [tactile_data_subscriber]: Finger 0 Wrench - Fz: 0.000, Fx: 0.000
[INFO] [1762147745.996479119] [tactile_data_subscriber]: Finger 0 Wrench - Fz: 0.000, Fx: 0.000
[INFO] [1762147745.998547678] [tactile_data_subscriber]: Finger 0
NF: [0.0, 0.0]
TF: [0.0, 0.0]
Channels: 16
 tDir:[65535, 65535]
[INFO] [1762147746.057587917] [tactile_data_subscriber]: Finger 0 Wrench - Fz: 0.000, Fx: 0.000
[INFO] [1762147746.059383350] [tactile_data_subscriber]: Finger 0
NF: [0.0, 0.0]
TF: [0.0, 0.0]
Channels: 16
 tDir:[65535, 65535]
[INFO] [1762147746.154754561] [tactile_data_subscriber]: Finger 0
NF: [0.0, 0.0]
TF: [0.0, 0.0]
Channels: 16
 tDir:[65535, 65535]
[INFO] [1762147746.156068316] [tactile_data_subscriber]: Finger 0 Wrench - Fz: 0.000, Fx: 0.000
[INFO] [1762147746.252000772] [tactile_data_subscriber]: Finger 0 Wrench - Fz: 0.000, Fx: 0.000
[INFO] [1762147746.254631317] [tactile_data_subscriber]: Finger 0
NF: [0.0, 0.0]
TF: [0.0, 0.0]
Channels: 16
 tDir:[65535, 65535]
[INFO] [1762147746.349347819] [tactile_data_subscriber]: Finger 0 Wrench - Fz: 0.000, Fx: 0.000
[INFO] [1762147746.350986944] [tactile_data_subscriber]: Finger 0
NF: [0.0, 0.0]
TF: [0.0, 0.0]
Channels: 16
 tDir:[65535, 65535]
[INFO] [1762147746.445887776] [tactile_data_subscriber]: Finger 0 Wrench - Fz: 0.000, Fx: 0.000
[INFO] [1762147746.447780153] [tactile_data_subscriber]: Finger 0
NF: [0.0, 0.0]
TF: [0.0, 0.0]
Channels: 16
 tDir:[65535, 65535]
