[INFO] [1762154869.039397532] [tactile_data_subscriber]: Tactile data subscriber initialized
[INFO] [1762154870.393544109] [tactile_data_subscriber]: Finger 0 Wrench - 
[INFO] [1762154870.395398854] [tactile_data_subscriber]: Finger 0
NF: [0.0, 0.0]
TF: [0.0, 0.0]
Channels: 16
 tDir:[65535, 65535]
[INFO] [1762154870.450813188] [tactile_data_subscriber]: Finger 0 Wrench - 
[INFO] [1762154870.452362278] [tactile_data_subscriber]: Finger 0
NF: [0.0, 0.0]
TF: [0.0, 0.0]
Channels: 16
 tDir:[65535, 65535]
[INFO] [1762154870.508438941] [tactile_data_subscriber]: Finger 0 Wrench - 
[INFO] [1762154870.510186966] [tactile_data_subscriber]: Finger 0
NF: [0.0, 0.0]
TF: [0.0, 0.0]
Channels: 16
 tDir:[65535, 65535]
[INFO] [1762154870.566641890] [tactile_data_subscriber]: Finger 0
NF: [0.0, 0.0]
TF: [0.0, 0.0]
Channels: 16
 tDir:[65535, 65535]
[INFO] [1762154870.567935528] [tactile_data_subscriber]: Finger 0 Wrench - 
[INFO] [1762154870.624312026] [tactile_data_subscriber]: Finger 0
NF: [0.0, 0.0]
TF: [0.0, 0.0]
Channels: 16
 tDir:[65535, 65535]
[INFO] [1762154870.625650260] [tactile_data_subscriber]: Finger 0 Wrench - 
[INFO] [1762154870.681076055] [tactile_data_subscriber]: Finger 0
NF: [0.0, 0.0]
TF: [0.0, 0.0]
Channels: 16
 tDir:[65535, 65535]
[INFO] [1762154870.682227171] [tactile_data_subscriber]: Finger 0 Wrench - 
[INFO] [1762154870.738516074] [tactile_data_subscriber]: Finger 0
NF: [0.0, 0.0]
TF: [0.0, 0.0]
Channels: 16
 tDir:[65535, 65535]
[INFO] [1762154870.739557417] [tactile_data_subscriber]: Finger 0 Wrench - 
[INFO] [1762154870.800898806] [tactile_data_subscriber]: Finger 0
NF: [0.0, 0.0]
TF: [0.0, 0.0]
Channels: 16
 tDir:[65535, 65535]
[INFO] [1762154870.802272056] [tactile_data_subscriber]: Finger 0 Wrench - 
[INFO] [1762154870.863226544] [tactile_data_subscriber]: Finger 0 Wrench - 
[INFO] [1762154870.865823994] [tactile_data_subscriber]: Finger 0
NF: [0.0, 0.0]
TF: [0.0, 0.0]
Channels: 16
 tDir:[65535, 65535]
[INFO] [1762154870.920468860] [tactile_data_subscriber]: Finger 0
NF: [0.0, 0.0]
TF: [0.0, 0.0]
Channels: 16
 tDir:[65535, 65535]
[INFO] [1762154870.921741886] [tactile_data_subscriber]: Finger 0 Wrench - 
[INFO] [1762154870.983369788] [tactile_data_subscriber]: Finger 0
NF: [0.0, 0.0]
TF: [0.0, 0.0]
Channels: 16
 tDir:[65535, 65535]
[INFO] [1762154870.984551593] [tactile_data_subscriber]: Finger 0 Wrench - 
[INFO] [1762154871.044785133] [tactile_data_subscriber]: Finger 0 Wrench - 
[INFO] [1762154871.045990290] [tactile_data_subscriber]: Finger 0
NF: [0.0, 0.0]
TF: [0.0, 0.0]
Channels: 16
 tDir:[65535, 65535]
[INFO] [1762154871.158811168] [tactile_data_subscriber]: Finger 0
NF: [0.0, 0.0]
TF: [0.0, 0.0]
Channels: 16
 tDir:[65535, 65535]
[INFO] [1762154871.160147925] [tactile_data_subscriber]: Finger 0 Wrench - 
[INFO] [1762154871.214436536] [tactile_data_subscriber]: Finger 0
NF: [0.0, 0.0]
TF: [0.0, 0.0]
Channels: 16
 tDir:[65535, 65535]
[INFO] [1762154871.215212354] [tactile_data_subscriber]: Finger 0 Wrench - 
[INFO] [1762154871.272443767] [tactile_data_subscriber]: Finger 0 Wrench - 
[INFO] [1762154871.273923066] [tactile_data_subscriber]: Finger 0
NF: [0.0, 0.0]
TF: [0.0, 0.0]
Channels: 16
 tDir:[65535, 65535]
[INFO] [1762154871.329868075] [tactile_data_subscriber]: Finger 0 Wrench - 
[INFO] [1762154871.331389383] [tactile_data_subscriber]: Finger 0
NF: [0.0, 0.0]
TF: [0.0, 0.0]
Channels: 16
 tDir:[65535, 65535]
[INFO] [1762154871.387550783] [tactile_data_subscriber]: Finger 0 Wrench - 
[INFO] [1762154871.389226730] [tactile_data_subscriber]: Finger 0
NF: [0.0, 0.0]
TF: [0.0, 0.0]
Channels: 16
 tDir:[65535, 65535]
[INFO] [1762154871.445020768] [tactile_data_subscriber]: Finger 0 Wrench - 
[INFO] [1762154871.447159108] [tactile_data_subscriber]: Finger 0
NF: [0.0, 0.0]
TF: [0.0, 0.0]
Channels: 16
 tDir:[65535, 65535]
[INFO] [1762154871.508557543] [tactile_data_subscriber]: Finger 0 Wrench - 
[INFO] [1762154871.509941005] [tactile_data_subscriber]: Finger 0
NF: [0.0, 0.0]
TF: [0.0, 0.0]
Channels: 16
 tDir:[65535, 65535]
[INFO] [1762154871.567588452] [tactile_data_subscriber]: Finger 0
NF: [0.0, 0.0]
TF: [0.0, 0.0]
Channels: 16
 tDir:[65535, 65535]
[INFO] [1762154871.568980568] [tactile_data_subscriber]: Finger 0 Wrench - 
[INFO] [1762154871.629192652] [tactile_data_subscriber]: Finger 0
NF: [0.0, 0.0]
TF: [0.0, 0.0]
Channels: 16
 tDir:[65535, 65535]
[INFO] [1762154871.630193461] [tactile_data_subscriber]: Finger 0 Wrench - 
[INFO] [1762154871.691856007] [tactile_data_subscriber]: Finger 0
NF: [0.0, 0.0]
TF: [0.0, 0.0]
Channels: 16
 tDir:[65535, 65535]
[INFO] [1762154871.692873327] [tactile_data_subscriber]: Finger 0 Wrench - 
[INFO] [1762154871.754834466] [tactile_data_subscriber]: Finger 0
NF: [0.0, 0.0]
TF: [0.0, 0.0]
Channels: 16
 tDir:[65535, 65535]
[INFO] [1762154871.755876156] [tactile_data_subscriber]: Finger 0 Wrench - 
[INFO] [1762154871.811588935] [tactile_data_subscriber]: Finger 0 Wrench - 
[INFO] [1762154871.813125787] [tactile_data_subscriber]: Finger 0
NF: [0.0, 0.0]
TF: [0.0, 0.0]
Channels: 16
 tDir:[65535, 65535]
