[INFO] [1762152378.612679168] [tactile_data_subscriber]: Tactile data subscriber initialized
[INFO] [1762152379.963964645] [tactile_data_subscriber]: Finger 0 Wrench - 
[INFO] [1762152379.965370437] [tactile_data_subscriber]: Finger 0
NF: [0.0, 0.0]
TF: [0.0, 0.0]
Channels: 16
 tDir:[65535, 65535]
[INFO] [1762152380.020638869] [tactile_data_subscriber]: Finger 0
NF: [0.0, 0.0]
TF: [0.0, 0.0]
Channels: 16
 tDir:[65535, 65535]
[INFO] [1762152380.021732692] [tactile_data_subscriber]: Finger 0 Wrench - 
[INFO] [1762152380.082265532] [tactile_data_subscriber]: Finger 0
NF: [0.0, 0.0]
TF: [0.0, 0.0]
Channels: 16
 tDir:[65535, 65535]
[INFO] [1762152380.083114893] [tactile_data_subscriber]: Finger 0 Wrench - 
[INFO] [1762152380.139697749] [tactile_data_subscriber]: Finger 0 Wrench - 
[INFO] [1762152380.141058063] [tactile_data_subscriber]: Finger 0
NF: [0.0, 0.0]
TF: [0.0, 0.0]
Channels: 16
 tDir:[65535, 65535]
[INFO] [1762152380.202300563] [tactile_data_subscriber]: Finger 0
NF: [0.0, 0.0]
TF: [0.0, 0.0]
Channels: 16
 tDir:[65535, 65535]
[INFO] [1762152380.203369648] [tactile_data_subscriber]: Finger 0 Wrench - 
[INFO] [1762152380.264090272] [tactile_data_subscriber]: Finger 0
NF: [0.0, 0.0]
TF: [0.0, 0.0]
Channels: 16
 tDir:[65535, 65535]
[INFO] [1762152380.265330368] [tactile_data_subscriber]: Finger 0 Wrench - 
[INFO] [1762152380.325604485] [tactile_data_subscriber]: Finger 0
NF: [0.0, 0.0]
TF: [0.0, 0.0]
Channels: 16
 tDir:[65535, 65535]
[INFO] [1762152380.326665989] [tactile_data_subscriber]: Finger 0 Wrench - 
[INFO] [1762152380.387862214] [tactile_data_subscriber]: Finger 0 Wrench - 
[INFO] [1762152380.389329464] [tactile_data_subscriber]: Finger 0
NF: [0.0, 0.0]
TF: [0.0, 0.0]
Channels: 16
 tDir:[65535, 65535]
[INFO] [1762152380.452560781] [tactile_data_subscriber]: Finger 0 Wrench - 
[INFO] [1762152380.454246896] [tactile_data_subscriber]: Finger 0
NF: [0.0, 0.0]
TF: [0.0, 0.0]
Channels: 16
 tDir:[65535, 65535]
[INFO] [1762152380.509500822] [tactile_data_subscriber]: Finger 0
NF: [0.0, 0.0]
TF: [0.0, 0.0]
Channels: 16
 tDir:[65535, 65535]
[INFO] [1762152380.510830033] [tactile_data_subscriber]: Finger 0 Wrench - 
[INFO] [1762152380.621790346] [tactile_data_subscriber]: Finger 0
NF: [0.0, 0.0]
TF: [0.0, 0.0]
Channels: 16
 tDir:[65535, 65535]
[INFO] [1762152380.622892699] [tactile_data_subscriber]: Finger 0 Wrench - 
[INFO] [1762152380.680201527] [tactile_data_subscriber]: Finger 0 Wrench - 
[INFO] [1762152380.682077953] [tactile_data_subscriber]: Finger 0
NF: [0.0, 0.0]
TF: [0.0, 0.0]
Channels: 16
 tDir:[65535, 65535]
[INFO] [1762152380.737052488] [tactile_data_subscriber]: Finger 0 Wrench - 
[INFO] [1762152380.738711816] [tactile_data_subscriber]: Finger 0
NF: [0.0, 0.0]
TF: [0.0, 0.0]
Channels: 16
 tDir:[65535, 65535]
[INFO] [1762152380.794631932] [tactile_data_subscriber]: Finger 0 Wrench - 
[INFO] [1762152380.796386042] [tactile_data_subscriber]: Finger 0
NF: [0.0, 0.0]
TF: [0.0, 0.0]
Channels: 16
 tDir:[65535, 65535]
[INFO] [1762152380.851684682] [tactile_data_subscriber]: Finger 0 Wrench - 
[INFO] [1762152380.853020977] [tactile_data_subscriber]: Finger 0
NF: [0.0, 0.0]
TF: [0.0, 0.0]
Channels: 16
 tDir:[65535, 65535]
[INFO] [1762152380.909565886] [tactile_data_subscriber]: Finger 0 Wrench - 
[INFO] [1762152380.911199153] [tactile_data_subscriber]: Finger 0
NF: [0.0, 0.0]
TF: [0.0, 0.0]
Channels: 16
 tDir:[65535, 65535]
[INFO] [1762152380.971784762] [tactile_data_subscriber]: Finger 0
NF: [0.0, 0.0]
TF: [0.0, 0.0]
Channels: 16
 tDir:[65535, 65535]
[INFO] [1762152380.972835466] [tactile_data_subscriber]: Finger 0 Wrench - 
[INFO] [1762152381.034267582] [tactile_data_subscriber]: Finger 0
NF: [0.0, 0.0]
TF: [0.0, 0.0]
Channels: 16
 tDir:[65535, 65535]
[INFO] [1762152381.035407137] [tactile_data_subscriber]: Finger 0 Wrench - 
[INFO] [1762152381.095227862] [tactile_data_subscriber]: Finger 0 Wrench - 
[INFO] [1762152381.096456290] [tactile_data_subscriber]: Finger 0
NF: [0.0, 0.0]
TF: [0.0, 0.0]
Channels: 16
 tDir:[65535, 65535]
[INFO] [1762152381.156358924] [tactile_data_subscriber]: Finger 0 Wrench - 
[INFO] [1762152381.157588908] [tactile_data_subscriber]: Finger 0
NF: [0.0, 0.0]
TF: [0.0, 0.0]
Channels: 16
 tDir:[65535, 65535]
[INFO] [1762152381.216744095] [tactile_data_subscriber]: Finger 0 Wrench - 
[INFO] [1762152381.217902504] [tactile_data_subscriber]: Finger 0
NF: [0.0, 0.0]
TF: [0.0, 0.0]
Channels: 16
 tDir:[65535, 65535]
[INFO] [1762152381.279089194] [tactile_data_subscriber]: Finger 0
NF: [0.0, 0.0]
TF: [0.0, 0.0]
Channels: 16
 tDir:[65535, 65535]
[INFO] [1762152381.279974233] [tactile_data_subscriber]: Finger 0 Wrench - 
[INFO] [1762152381.340955454] [tactile_data_subscriber]: Finger 0
NF: [0.0, 0.0]
TF: [0.0, 0.0]
Channels: 16
 tDir:[65535, 65535]
[INFO] [1762152381.341940244] [tactile_data_subscriber]: Finger 0 Wrench - 
[INFO] [1762152381.402365711] [tactile_data_subscriber]: Finger 0
NF: [0.0, 0.0]
TF: [0.0, 0.0]
Channels: 16
 tDir:[65535, 65535]
[INFO] [1762152381.403442957] [tactile_data_subscriber]: Finger 0 Wrench - 
[INFO] [1762152381.463833204] [tactile_data_subscriber]: Finger 0
NF: [0.0, 0.0]
TF: [0.0, 0.0]
Channels: 16
 tDir:[65535, 65535]
[INFO] [1762152381.464978152] [tactile_data_subscriber]: Finger 0 Wrench - 
[INFO] [1762152381.576463821] [tactile_data_subscriber]: Finger 0
NF: [0.0, 0.0]
TF: [0.0, 0.0]
Channels: 16
 tDir:[65535, 65535]
[INFO] [1762152381.577626046] [tactile_data_subscriber]: Finger 0 Wrench - 
[INFO] [1762152381.633292366] [tactile_data_subscriber]: Finger 0
NF: [0.0, 0.0]
TF: [0.0, 0.0]
Channels: 16
 tDir:[65535, 65535]
[INFO] [1762152381.634398469] [tactile_data_subscriber]: Finger 0 Wrench - 
[INFO] [1762152381.690332329] [tactile_data_subscriber]: Finger 0
NF: [0.0, 0.0]
TF: [0.0, 0.0]
Channels: 16
 tDir:[65535, 65535]
[INFO] [1762152381.691369548] [tactile_data_subscriber]: Finger 0 Wrench - 
[INFO] [1762152381.748192271] [tactile_data_subscriber]: Finger 0
NF: [0.0, 0.0]
TF: [0.0, 0.0]
Channels: 16
 tDir:[65535, 65535]
[INFO] [1762152381.749266298] [tactile_data_subscriber]: Finger 0 Wrench - 
[INFO] [1762152381.805086555] [tactile_data_subscriber]: Finger 0 Wrench - 
[INFO] [1762152381.806580606] [tactile_data_subscriber]: Finger 0
NF: [0.0, 0.0]
TF: [0.0, 0.0]
Channels: 16
 tDir:[65535, 65535]
[INFO] [1762152381.866102524] [tactile_data_subscriber]: Finger 0 Wrench - 
[INFO] [1762152381.867271791] [tactile_data_subscriber]: Finger 0
NF: [0.0, 0.0]
TF: [0.0, 0.0]
Channels: 16
 tDir:[65535, 65535]
[INFO] [1762152381.963506118] [tactile_data_subscriber]: Finger 0 Wrench - 
[INFO] [1762152381.965026515] [tactile_data_subscriber]: Finger 0
NF: [0.0, 0.0]
TF: [0.0, 0.0]
Channels: 16
 tDir:[65535, 65535]
[INFO] [1762152382.099195015] [tactile_data_subscriber]: Finger 0 Wrench - 
[INFO] [1762152382.100612733] [tactile_data_subscriber]: Finger 0
NF: [0.0, 0.0]
TF: [0.0, 0.0]
Channels: 16
 tDir:[65535, 65535]
[INFO] [1762152382.196988495] [tactile_data_subscriber]: Finger 0
NF: [0.0, 0.0]
TF: [0.0, 0.0]
Channels: 16
 tDir:[65535, 65535]
[INFO] [1762152382.198705975] [tactile_data_subscriber]: Finger 0 Wrench - 
[INFO] [1762152382.253359215] [tactile_data_subscriber]: Finger 0 Wrench - 
[INFO] [1762152382.254990581] [tactile_data_subscriber]: Finger 0
NF: [0.0, 0.0]
TF: [0.0, 0.0]
Channels: 16
 tDir:[65535, 65535]
[INFO] [1762152382.308624348] [tactile_data_subscriber]: Finger 0
NF: [0.0, 0.0]
TF: [0.0, 0.0]
Channels: 16
 tDir:[65535, 65535]
[INFO] [1762152382.309149939] [tactile_data_subscriber]: Finger 0 Wrench - 
[INFO] [1762152382.366107898] [tactile_data_subscriber]: Finger 0 Wrench - 
[INFO] [1762152382.367739724] [tactile_data_subscriber]: Finger 0
NF: [0.0, 0.0]
TF: [0.0, 0.0]
Channels: 16
 tDir:[65535, 65535]
[INFO] [1762152382.422817474] [tactile_data_subscriber]: Finger 0 Wrench - 
[INFO] [1762152382.424337934] [tactile_data_subscriber]: Finger 0
NF: [0.0, 0.0]
TF: [0.0, 0.0]
Channels: 16
 tDir:[65535, 65535]
