[INFO] [1762153813.238746418] [tactile_data_subscriber]: Tactile data subscriber initialized
[INFO] [1762153814.604690205] [tactile_data_subscriber]: Finger 0 Wrench - 
[INFO] [1762153814.606175730] [tactile_data_subscriber]: Finger 0
NF: [0.0, 0.0]
TF: [0.0, 0.0]
Channels: 16
 tDir:[65535, 65535]
[INFO] [1762153814.666480909] [tactile_data_subscriber]: Finger 0 Wrench - 
[INFO] [1762153814.668034018] [tactile_data_subscriber]: Finger 0
NF: [0.0, 0.0]
TF: [0.0, 0.0]
Channels: 16
 tDir:[65535, 65535]
[INFO] [1762153814.724425450] [tactile_data_subscriber]: Finger 0 Wrench - 
[INFO] [1762153814.726376758] [tactile_data_subscriber]: Finger 0
NF: [0.0, 0.0]
TF: [0.0, 0.0]
Channels: 16
 tDir:[65535, 65535]
[INFO] [1762153814.786805523] [tactile_data_subscriber]: Finger 0 Wrench - 
[INFO] [1762153814.788716919] [tactile_data_subscriber]: Finger 0
NF: [0.0, 0.0]
TF: [0.0, 0.0]
Channels: 16
 tDir:[65535, 65535]
[INFO] [1762153814.849336229] [tactile_data_subscriber]: Finger 0
NF: [0.0, 0.0]
TF: [0.0, 0.0]
Channels: 16
 tDir:[65535, 65535]
[INFO] [1762153814.851046814] [tactile_data_subscriber]: Finger 0 Wrench - 
[INFO] [1762153814.911458262] [tactile_data_subscriber]: Finger 0 Wrench - 
[INFO] [1762153814.913121885] [tactile_data_subscriber]: Finger 0
NF: [0.0, 0.0]
TF: [0.0, 0.0]
Channels: 16
 tDir:[65535, 65535]
[INFO] [1762153814.972380810] [tactile_data_subscriber]: Finger 0 Wrench - 
[INFO] [1762153814.974021163] [tactile_data_subscriber]: Finger 0
NF: [0.0, 0.0]
TF: [0.0, 0.0]
Channels: 16
 tDir:[65535, 65535]
[INFO] [1762153815.034377696] [tactile_data_subscriber]: Finger 0 Wrench - 
[INFO] [1762153815.036124533] [tactile_data_subscriber]: Finger 0
NF: [0.0, 0.0]
TF: [0.0, 0.0]
Channels: 16
 tDir:[65535, 65535]
[INFO] [1762153815.096297604] [tactile_data_subscriber]: Finger 0 Wrench - 
[INFO] [1762153815.097856674] [tactile_data_subscriber]: Finger 0
NF: [0.0, 0.0]
TF: [0.0, 0.0]
Channels: 16
 tDir:[65535, 65535]
[INFO] [1762153815.158997015] [tactile_data_subscriber]: Finger 0 Wrench - 
[INFO] [1762153815.160932906] [tactile_data_subscriber]: Finger 0
NF: [0.0, 0.0]
TF: [0.0, 0.0]
Channels: 16
 tDir:[65535, 65535]
[INFO] [1762153815.221705398] [tactile_data_subscriber]: Finger 0 Wrench - 
[INFO] [1762153815.223721897] [tactile_data_subscriber]: Finger 0
NF: [0.0, 0.0]
TF: [0.0, 0.0]
Channels: 16
 tDir:[65535, 65535]
[INFO] [1762153815.279317355] [tactile_data_subscriber]: Finger 0
NF: [0.0, 0.0]
TF: [0.0, 0.0]
Channels: 16
 tDir:[65535, 65535]
[INFO] [1762153815.281081489] [tactile_data_subscriber]: Finger 0 Wrench - 
[INFO] [1762153815.340602996] [tactile_data_subscriber]: Finger 0
NF: [0.0, 0.0]
TF: [0.0, 0.0]
Channels: 16
 tDir:[65535, 65535]
[INFO] [1762153815.341475635] [tactile_data_subscriber]: Finger 0 Wrench - 
[INFO] [1762153815.402735144] [tactile_data_subscriber]: Finger 0
NF: [0.0, 0.0]
TF: [0.0, 0.0]
Channels: 16
 tDir:[65535, 65535]
[INFO] [1762153815.403750291] [tactile_data_subscriber]: Finger 0 Wrench - 
[INFO] [1762153815.464509542] [tactile_data_subscriber]: Finger 0 Wrench - 
[INFO] [1762153815.465903226] [tactile_data_subscriber]: Finger 0
NF: [0.0, 0.0]
TF: [0.0, 0.0]
Channels: 16
 tDir:[65535, 65535]
[INFO] [1762153815.526331627] [tactile_data_subscriber]: Finger 0 Wrench - 
[INFO] [1762153815.527895754] [tactile_data_subscriber]: Finger 0
NF: [0.0, 0.0]
TF: [0.0, 0.0]
Channels: 16
 tDir:[65535, 65535]
[INFO] [1762153815.589108192] [tactile_data_subscriber]: Finger 0 Wrench - 
[INFO] [1762153815.590874764] [tactile_data_subscriber]: Finger 0
NF: [0.0, 0.0]
TF: [0.0, 0.0]
Channels: 16
 tDir:[65535, 65535]
[INFO] [1762153815.650048124] [tactile_data_subscriber]: Finger 0 Wrench - 
[INFO] [1762153815.651703081] [tactile_data_subscriber]: Finger 0
NF: [0.0, 0.0]
TF: [0.0, 0.0]
Channels: 16
 tDir:[65535, 65535]
[INFO] [1762153815.712024594] [tactile_data_subscriber]: Finger 0
NF: [0.0, 0.0]
TF: [0.0, 0.0]
Channels: 16
 tDir:[65535, 65535]
[INFO] [1762153815.713279982] [tactile_data_subscriber]: Finger 0 Wrench - 
[INFO] [1762153815.770492713] [tactile_data_subscriber]: Finger 0
NF: [0.0, 0.0]
TF: [0.0, 0.0]
Channels: 16
 tDir:[65535, 65535]
[INFO] [1762153815.771988623] [tactile_data_subscriber]: Finger 0 Wrench - 
[INFO] [1762153815.883468798] [tactile_data_subscriber]: Finger 0
NF: [0.0, 0.0]
TF: [0.0, 0.0]
Channels: 16
 tDir:[65535, 65535]
[INFO] [1762153815.884717740] [tactile_data_subscriber]: Finger 0 Wrench - 
