[INFO] [1762154924.275168669] [tactile_sensor_node]: Loaded parameters: max_fingers=5, i2c_speed=2, get_cap_ms=15
[INFO] [1762154924.275489699] [tactile_sensor_node]: Tactile sensor node initialized
[INFO] [1762154924.291106882] [tactile_sensor_node]: 运行在开发环境中。尝试从脚本目录相对路径加载库: /home/jim/tactile_ws/install/tactile_sensor_ros2/lib/python3.10/site-packages/tactile_sensor_ros2/lib/ch341/CH341PAR_LINUX/lib/x64/dynamic/libch347.so
[INFO] [1762154924.291632793] [tactile_sensor_node]: ch341加载成功
[INFO] [1762154924.291852624] [tactile_sensor_node]: CH341 library initialized
[INFO] [1762154924.306884618] [tactile_sensor_node]: CH341 device opened successfully on Linux
[INFO] [1762154924.307354451] [tactile_sensor_node]: CH341 device opened
[INFO] [1762154924.321632951] [tactile_sensor_node]: CH341 I2C speed set to 2
[INFO] [1762154925.345331182] [tactile_sensor_node]: CH341 fully initialized and ready
[INFO] [1762154925.405520107] [tactile_sensor_node]: project=17
[INFO] [1762154925.406582745] [tactile_sensor_node]: finger connected, project = 两指-大包
[INFO] [1762154925.407194311] [tactile_sensor_node]: Sensor[0] connected
[ERROR] [1762154925.432324397] [tactile_sensor_node]: setSensorSendType error, addr = 0
[ERROR] [1762154925.445086672] [tactile_sensor_node]: setSensorCapOffset error, addr = 0
[INFO] [1762154925.457836874] [tactile_sensor_node]: project=0
[ERROR] [1762154925.458421944] [tactile_sensor_node]: not found vailed project, project para use default
[INFO] [1762154925.458975892] [tactile_sensor_node]: Sensor[1] connected
[ERROR] [1762154925.483952877] [tactile_sensor_node]: setSensorSendType error, addr = 0
[ERROR] [1762154925.496779855] [tactile_sensor_node]: setSensorCapOffset error, addr = 0
[INFO] [1762154925.509951850] [tactile_sensor_node]: project=0
[ERROR] [1762154925.510821909] [tactile_sensor_node]: not found vailed project, project para use default
[INFO] [1762154925.511637044] [tactile_sensor_node]: Sensor[2] connected
[ERROR] [1762154925.537089900] [tactile_sensor_node]: setSensorSendType error, addr = 0
[ERROR] [1762154925.550079846] [tactile_sensor_node]: setSensorCapOffset error, addr = 0
[INFO] [1762154925.563037204] [tactile_sensor_node]: project=0
[ERROR] [1762154925.563720227] [tactile_sensor_node]: not found vailed project, project para use default
[INFO] [1762154925.564382363] [tactile_sensor_node]: Sensor[3] connected
[ERROR] [1762154925.589493507] [tactile_sensor_node]: setSensorSendType error, addr = 0
[ERROR] [1762154925.602463519] [tactile_sensor_node]: setSensorCapOffset error, addr = 0
[INFO] [1762154925.615859874] [tactile_sensor_node]: project=0
[ERROR] [1762154925.616800784] [tactile_sensor_node]: not found vailed project, project para use default
[INFO] [1762154925.617625429] [tactile_sensor_node]: Sensor[4] connected
