[INFO] [1762153252.301813833] [tactile_data_subscriber]: Tactile data subscriber initialized
[INFO] [1762153253.665881469] [tactile_data_subscriber]: Finger 0 Wrench - 
[INFO] [1762153253.668025233] [tactile_data_subscriber]: Finger 0
NF: [0.0, 0.0]
TF: [0.0, 0.0]
Channels: 16
 tDir:[65535, 65535]
[INFO] [1762153253.723113069] [tactile_data_subscriber]: Finger 0
NF: [0.0, 0.0]
TF: [0.0, 0.0]
Channels: 16
 tDir:[65535, 65535]
[INFO] [1762153253.724172136] [tactile_data_subscriber]: Finger 0 Wrench - 
[INFO] [1762153253.780581830] [tactile_data_subscriber]: Finger 0
NF: [0.0, 0.0]
TF: [0.0, 0.0]
Channels: 16
 tDir:[65535, 65535]
[INFO] [1762153253.781993601] [tactile_data_subscriber]: Finger 0 Wrench - 
[INFO] [1762153253.838439027] [tactile_data_subscriber]: Finger 0 Wrench - 
[INFO] [1762153253.840099023] [tactile_data_subscriber]: Finger 0
NF: [0.0, 0.0]
TF: [0.0, 0.0]
Channels: 16
 tDir:[65535, 65535]
[INFO] [1762153253.895114084] [tactile_data_subscriber]: Finger 0
NF: [0.0, 0.0]
TF: [0.0, 0.0]
Channels: 16
 tDir:[65535, 65535]
[INFO] [1762153253.896123814] [tactile_data_subscriber]: Finger 0 Wrench - 
[INFO] [1762153253.952675846] [tactile_data_subscriber]: Finger 0 Wrench - 
[INFO] [1762153253.954282456] [tactile_data_subscriber]: Finger 0
NF: [0.0, 0.0]
TF: [0.0, 0.0]
Channels: 16
 tDir:[65535, 65535]
[INFO] [1762153254.009834712] [tactile_data_subscriber]: Finger 0
NF: [0.0, 0.0]
TF: [0.0, 0.0]
Channels: 16
 tDir:[65535, 65535]
[INFO] [1762153254.010991292] [tactile_data_subscriber]: Finger 0 Wrench - 
[INFO] [1762153254.071990104] [tactile_data_subscriber]: Finger 0
NF: [0.0, 0.0]
TF: [0.0, 0.0]
Channels: 16
 tDir:[65535, 65535]
[INFO] [1762153254.072953841] [tactile_data_subscriber]: Finger 0 Wrench - 
[INFO] [1762153254.131619025] [tactile_data_subscriber]: Finger 0
NF: [0.0, 0.0]
TF: [0.0, 0.0]
Channels: 16
 tDir:[65535, 65535]
[INFO] [1762153254.131994932] [tactile_data_subscriber]: Finger 0 Wrench - 
[INFO] [1762153254.194734937] [tactile_data_subscriber]: Finger 0
NF: [0.0, 0.0]
TF: [0.0, 0.0]
Channels: 16
 tDir:[65535, 65535]
[INFO] [1762153254.196136323] [tactile_data_subscriber]: Finger 0 Wrench - 
[INFO] [1762153254.258262336] [tactile_data_subscriber]: Finger 0
NF: [0.0, 0.0]
TF: [0.0, 0.0]
Channels: 16
 tDir:[65535, 65535]
[INFO] [1762153254.259781691] [tactile_data_subscriber]: Finger 0 Wrench - 
[INFO] [1762153254.320123281] [tactile_data_subscriber]: Finger 0 Wrench - 
[INFO] [1762153254.322297282] [tactile_data_subscriber]: Finger 0
NF: [0.0, 0.0]
TF: [0.0, 0.0]
Channels: 16
 tDir:[65535, 65535]
[INFO] [1762153254.381486998] [tactile_data_subscriber]: Finger 0
NF: [0.0, 0.0]
TF: [0.0, 0.0]
Channels: 16
 tDir:[65535, 65535]
[INFO] [1762153254.383122828] [tactile_data_subscriber]: Finger 0 Wrench - 
[INFO] [1762153254.442716431] [tactile_data_subscriber]: Finger 0
NF: [0.0, 0.0]
TF: [0.0, 0.0]
Channels: 16
 tDir:[65535, 65535]
[INFO] [1762153254.443757760] [tactile_data_subscriber]: Finger 0 Wrench - 
[INFO] [1762153254.504367457] [tactile_data_subscriber]: Finger 0
NF: [0.0, 0.0]
TF: [0.0, 0.0]
Channels: 16
 tDir:[65535, 65535]
[INFO] [1762153254.505448651] [tactile_data_subscriber]: Finger 0 Wrench - 
[INFO] [1762153254.566561849] [tactile_data_subscriber]: Finger 0 Wrench - 
[INFO] [1762153254.568289052] [tactile_data_subscriber]: Finger 0
NF: [0.0, 0.0]
TF: [0.0, 0.0]
Channels: 16
 tDir:[65535, 65535]
[INFO] [1762153254.623162459] [tactile_data_subscriber]: Finger 0 Wrench - 
[INFO] [1762153254.624229077] [tactile_data_subscriber]: Finger 0
NF: [0.0, 0.0]
TF: [0.0, 0.0]
Channels: 16
 tDir:[65535, 65535]
[INFO] [1762153254.686721924] [tactile_data_subscriber]: Finger 0 Wrench - 
[INFO] [1762153254.688385906] [tactile_data_subscriber]: Finger 0
NF: [0.0, 0.0]
TF: [0.0, 0.0]
Channels: 16
 tDir:[65535, 65535]
[INFO] [1762153254.750474448] [tactile_data_subscriber]: Finger 0
NF: [0.0, 0.0]
TF: [0.0, 0.0]
Channels: 16
 tDir:[65535, 65535]
[INFO] [1762153254.752425625] [tactile_data_subscriber]: Finger 0 Wrench - 
[INFO] [1762153254.812518315] [tactile_data_subscriber]: Finger 0 Wrench - 
[INFO] [1762153254.814553850] [tactile_data_subscriber]: Finger 0
NF: [0.0, 0.0]
TF: [0.0, 0.0]
Channels: 16
 tDir:[65535, 65535]
[INFO] [1762153254.872252227] [tactile_data_subscriber]: Finger 0 Wrench - 
[INFO] [1762153254.873657540] [tactile_data_subscriber]: Finger 0
NF: [0.0, 0.0]
TF: [0.0, 0.0]
Channels: 16
 tDir:[65535, 65535]
[INFO] [1762153254.936024598] [tactile_data_subscriber]: Finger 0 Wrench - 
[INFO] [1762153254.938049326] [tactile_data_subscriber]: Finger 0
NF: [0.0, 0.0]
TF: [0.0, 0.0]
Channels: 16
 tDir:[65535, 65535]
[INFO] [1762153254.992620964] [tactile_data_subscriber]: Finger 0 Wrench - 
[INFO] [1762153254.994051021] [tactile_data_subscriber]: Finger 0
NF: [0.0, 0.0]
TF: [0.0, 0.0]
Channels: 16
 tDir:[65535, 65535]
[INFO] [1762153255.106465601] [tactile_data_subscriber]: Finger 0
NF: [0.0, 0.0]
TF: [0.0, 0.0]
Channels: 16
 tDir:[65535, 65535]
[INFO] [1762153255.107980273] [tactile_data_subscriber]: Finger 0 Wrench - 
[INFO] [1762153255.163343388] [tactile_data_subscriber]: Finger 0
NF: [0.0, 0.0]
TF: [0.0, 0.0]
Channels: 16
 tDir:[65535, 65535]
[INFO] [1762153255.164669078] [tactile_data_subscriber]: Finger 0 Wrench - 
[INFO] [1762153255.220819780] [tactile_data_subscriber]: Finger 0 Wrench - 
[INFO] [1762153255.222516515] [tactile_data_subscriber]: Finger 0
NF: [0.0, 0.0]
TF: [0.0, 0.0]
Channels: 16
 tDir:[65535, 65535]
[INFO] [1762153255.278141905] [tactile_data_subscriber]: Finger 0 Wrench - 
[INFO] [1762153255.279832764] [tactile_data_subscriber]: Finger 0
NF: [0.0, 0.0]
TF: [0.0, 0.0]
Channels: 16
 tDir:[65535, 65535]
[INFO] [1762153255.335612933] [tactile_data_subscriber]: Finger 0
NF: [0.0, 0.0]
TF: [0.0, 0.0]
Channels: 16
 tDir:[65535, 65535]
[INFO] [1762153255.336863607] [tactile_data_subscriber]: Finger 0 Wrench - 
[INFO] [1762153255.393146944] [tactile_data_subscriber]: Finger 0
NF: [0.0, 0.0]
TF: [0.0, 0.0]
Channels: 16
 tDir:[65535, 65535]
[INFO] [1762153255.394304029] [tactile_data_subscriber]: Finger 0 Wrench - 
[INFO] [1762153255.455779004] [tactile_data_subscriber]: Finger 0
NF: [0.0, 0.0]
TF: [0.0, 0.0]
Channels: 16
 tDir:[65535, 65535]
[INFO] [1762153255.457290844] [tactile_data_subscriber]: Finger 0 Wrench - 
[INFO] [1762153255.518131350] [tactile_data_subscriber]: Finger 0 Wrench - 
[INFO] [1762153255.520298379] [tactile_data_subscriber]: Finger 0
NF: [0.0, 0.0]
TF: [0.0, 0.0]
Channels: 16
 tDir:[65535, 65535]
[INFO] [1762153255.580252999] [tactile_data_subscriber]: Finger 0 Wrench - 
[INFO] [1762153255.582223218] [tactile_data_subscriber]: Finger 0
NF: [0.0, 0.0]
TF: [0.0, 0.0]
Channels: 16
 tDir:[65535, 65535]
